#
# A fatal error has been detected by the Java Runtime Environment:
#
#  EXCEPTION_ACCESS_VIOLATION (0xc0000005) at pc=0x00007ff8b03d6587, pid=5516, tid=16880
#
# JRE version: OpenJDK Runtime Environment (21.0+35) (build 21+35-2513)
# Java VM: OpenJDK 64-Bit Server VM (21+35-2513, mixed mode, sharing, tiered, compressed oops, compressed class ptrs, g1 gc, windows-amd64)
# Problematic frame:
# C  [glass.dll+0x26587]
#
# No core dump will be written. Minidumps are not enabled by default on client versions of Windows
#
# If you would like to submit a bug report, please visit:
#   https://bugreport.java.com/bugreport/crash.jsp
#

---------------  S U M M A R Y ------------

Command Line: -javaagent:C:\Program Files\JetBrains\IntelliJ IDEA 2023.2.2\lib\idea_rt.jar=55967:C:\Program Files\JetBrains\IntelliJ IDEA 2023.2.2\bin -Dfile.encoding=UTF-8 -Dsun.stdout.encoding=UTF-8 -Dsun.stderr.encoding=UTF-8 --module-path=C:\Users\pavlo\.m2\repository\org\openjfx\javafx-controls\21-ea+24\javafx-controls-21-ea+24-win.jar;C:\Users\pavlo\OneDrive\Робочий стіл\3 курс\Людино-машина взаємодія\JavaFxProject-master\target\classes;C:\Users\pavlo\.m2\repository\org\kordamp\bootstrapfx\bootstrapfx-core\0.4.0\bootstrapfx-core-0.4.0.jar;C:\Users\pavlo\.m2\repository\org\openjfx\javafx-fxml\21-ea+24\javafx-fxml-21-ea+24-win.jar;C:\Users\pavlo\.m2\repository\com\dlsc\formsfx\formsfx-core\11.6.0\formsfx-core-11.6.0.jar;C:\Users\pavlo\.m2\repository\org\openjfx\javafx-graphics\21-ea+24\javafx-graphics-21-ea+24-win.jar;C:\Users\pavlo\.m2\repository\org\openjfx\javafx-base\21-ea+24\javafx-base-21-ea+24-win.jar -Djdk.module.main=com.example.learnenglish com.example.learnenglish/com.example.learnenglish.HelloApplication

Host: AMD Ryzen 5 5500U with Radeon Graphics         , 12 cores, 15G,  Windows 11 , 64 bit Build 22621 (10.0.22621.2428)
Time: Sat Nov 11 15:19:45 2023  Windows 11 , 64 bit Build 22621 (10.0.22621.2428) elapsed time: 142.219360 seconds (0d 0h 2m 22s)

---------------  T H R E A D  ---------------

Current thread (0x0000022a9d8cef20):  VMThread "VM Thread"          [id=16880, stack(0x000000593ff00000,0x0000005940000000) (1024K)]

Stack: [0x000000593ff00000,0x0000005940000000],  sp=0x000000593ffff310,  free space=1020k
Native frames: (J=compiled Java code, j=interpreted, Vv=VM code, C=native code)
C  [glass.dll+0x26587]


siginfo: EXCEPTION_ACCESS_VIOLATION (0xc0000005), reading address 0x0000000000000000


Registers:
RAX=0x0000000000000000, RBX=0x0000022a9d8d99ea, RCX=0x0000022a9d8cef20, RDX=0x000000593ffff310
RSP=0x000000593ffff310, RBP=0x0000022ae37b6878, RSI=0x000000593ffff418, RDI=0x0000022ae37b6850
R8 =0x0000000000010002, R9 =0x0000022ae37b6850, R10=0x85f13e9656da4870, R11=0x000000593ffff2a0
R12=0x00007ff8b03d3ed0, R13=0x00007ff86a96fe60, R14=0x00004741a3f896c4, R15=0x0000022ae37b6850
RIP=0x00007ff8b03d6587, EFLAGS=0x0000000000010202


Register to memory mapping:

RAX=0x0 is null
RBX=0x0000022a9d8d99ea is a global jni handle
RCX=0x0000022a9d8cef20 points into unknown readable memory: 0x00007ff86a782a18 | 18 2a 78 6a f8 7f 00 00
RDX=0x000000593ffff310 points into unknown readable memory: 0x0000000000000000 | 00 00 00 00 00 00 00 00
RSP=0x000000593ffff310 points into unknown readable memory: 0x0000000000000000 | 00 00 00 00 00 00 00 00
RBP=0x0000022ae37b6878 points into unknown readable memory: 0x00004741a3f896c4 | c4 96 f8 a3 41 47 00 00
RSI=0x000000593ffff418 points into unknown readable memory: 0x000000593ffff400 | 00 f4 ff 3f 59 00 00 00
RDI=0x0000022ae37b6850 points into unknown readable memory: 0x0007b8caa02b0844 | 44 08 2b a0 ca b8 07 00
R8 =0x0000000000010002 is an unknown value
R9 =0x0000022ae37b6850 points into unknown readable memory: 0x0007b8caa02b0844 | 44 08 2b a0 ca b8 07 00
R10=0x85f13e9656da4870 is an unknown value
R11=0x000000593ffff2a0 points into unknown readable memory: 0x0000022ae37b6850 | 50 68 7b e3 2a 02 00 00
R12=0x00007ff8b03d3ed0 glass.dll
R13=0x00007ff86a96fe60 jvm.dll
R14=0x00004741a3f896c4 is an unknown value
R15=0x0000022ae37b6850 points into unknown readable memory: 0x0007b8caa02b0844 | 44 08 2b a0 ca b8 07 00

Top of Stack: (sp=0x000000593ffff310)
0x000000593ffff310:   0000000000000000 000000593ffff418
0x000000593ffff320:   00007ff86a96fe60 00007ff8b03d3ed0
0x000000593ffff330:   0000022ae37b6858 00007ff8c5943a83
0x000000593ffff340:   0000022ae37b6850 0000022a00000000
0x000000593ffff350:   0000022ae37b6878 000000593ffff418
0x000000593ffff360:   fffffffffffffffe 0000000000000000
0x000000593ffff370:   0000000000000001 00007ff8b03b0000
0x000000593ffff380:   000000593ffff408 00007ff8c591006e
0x000000593ffff390:   0000000000000000 000000593ffff418
0x000000593ffff3a0:   000000593ffff700 0000000000000001
0x000000593ffff3b0:   0000000000000001 00007ff8c590da1d
0x000000593ffff3c0:   0000000000000000 00007ff8b03d36c9
0x000000593ffff3d0:   00007ff8c0f05ed0 000000593ffff408
0x000000593ffff3e0:   fffffffffffffffe 000000593ffff3d0
0x000000593ffff3f0:   0000000000000000 00007ff8b03d3d5d
0x000000593ffff400:   00007ff8b03ea008 00007ff800000002
0x000000593ffff410:   0000000000000002 000000593ffff400
0x000000593ffff420:   0000000000000000 00007ff8c7d785f3
0x000000593ffff430:   0000000000000000 00007ff8b03d3e82
0x000000593ffff440:   0000000000000001 0000000000000001
0x000000593ffff450:   0000000000000001 0000000000000000
0x000000593ffff460:   00007ff8c7130000 00007ff8c4872223
0x000000593ffff470:   0000000000000001 00007ff8c4070000
0x000000593ffff480:   00007ff8b03b0000 000000007ffe0384
0x000000593ffff490:   0000000000000000 00007ff8c7d7868f
0x000000593ffff4a0:   00007ff8b03b0000 0000000000000000
0x000000593ffff4b0:   0000000000000001 000000007ffe0385
0x000000593ffff4c0:   0000000000000000 00007ff8c7da12d9
0x000000593ffff4d0:   00002bb6f4235500 0000000000000014
0x000000593ffff4e0:   00007ff8b03d3ed0 0000000000000000
0x000000593ffff4f0:   0000000000000000 000000593f36e000
0x000000593ffff500:   0000022ae399a290 00007ff8c7da1096 

Instructions: (pc=0x00007ff8b03d6587)
0x00007ff8b03d6487:   8b 4d 58 e8 8d cf ff ff 48 8b 4d 60 e8 84 cf ff
0x00007ff8b03d6497:   ff 48 8b 95 80 00 00 00 48 8b 8d 18 01 00 00 e8
0x00007ff8b03d64a7:   76 c4 ff ff 33 d2 33 c9 e8 cc e1 ff ff 90 48 89
0x00007ff8b03d64b7:   54 24 10 55 48 83 ec 20 48 8b ea 48 b8 00 00 00
0x00007ff8b03d64c7:   00 00 00 00 00 48 83 c4 20 5d c3 cc 40 55 48 8b
0x00007ff8b03d64d7:   ea 48 8b 01 33 c9 81 38 05 00 00 c0 0f 94 c1 8b
0x00007ff8b03d64e7:   c1 5d c3 cc 40 55 48 83 ec 20 48 8b ea 8a 4d 40
0x00007ff8b03d64f7:   48 83 c4 20 5d e9 73 d3 ff ff cc 40 55 48 83 ec
0x00007ff8b03d6507:   20 48 8b ea 8a 4d 20 e8 61 d3 ff ff 90 48 83 c4
0x00007ff8b03d6517:   20 5d c3 cc 40 55 48 83 ec 20 48 8b ea 48 83 c4
0x00007ff8b03d6527:   20 5d e9 c2 d1 ff ff cc 40 55 48 83 ec 30 48 8b
0x00007ff8b03d6537:   ea 48 8b 01 8b 10 48 89 4c 24 28 89 54 24 20 4c
0x00007ff8b03d6547:   8d 0d 63 d6 ff ff 4c 8b 45 70 8b 55 68 48 8b 4d
0x00007ff8b03d6557:   60 e8 03 d1 ff ff 90 48 83 c4 30 5d c3 cc cc cc
0x00007ff8b03d6567:   cc cc cc cc cc cc cc cc cc 40 53 48 83 ec 20 48
0x00007ff8b03d6577:   8b 1d 8b 34 01 00 48 85 db 74 16 e8 89 8f ff ff
0x00007ff8b03d6587:   4c 8b 00 48 8b d3 48 8b c8 41 ff 90 b0 00 00 00
0x00007ff8b03d6597:   90 48 83 c4 20 5b c3 cc cc 40 53 48 83 ec 20 48
0x00007ff8b03d65a7:   8b 1d fb 35 01 00 48 85 db 74 57 b8 ff ff ff ff
0x00007ff8b03d65b7:   f0 0f c1 43 10 83 f8 01 75 3d 48 85 db 74 38 48
0x00007ff8b03d65c7:   8b 0b 48 85 c9 74 0d ff 15 d4 0c 00 00 48 c7 03
0x00007ff8b03d65d7:   00 00 00 00 48 8b 4b 08 48 85 c9 74 0d e8 33 ce
0x00007ff8b03d65e7:   ff ff 48 c7 43 08 00 00 00 00 ba 18 00 00 00 48
0x00007ff8b03d65f7:   8b cb e8 1e ce ff ff 48 c7 05 9f 35 01 00 00 00
0x00007ff8b03d6607:   00 00 48 83 c4 20 5b c3 cc 40 53 48 83 ec 20 48
0x00007ff8b03d6617:   8b 1d 6b 35 01 00 48 85 db 74 57 b8 ff ff ff ff
0x00007ff8b03d6627:   f0 0f c1 43 10 83 f8 01 75 3d 48 85 db 74 38 48
0x00007ff8b03d6637:   8b 0b 48 85 c9 74 0d ff 15 64 0c 00 00 48 c7 03
0x00007ff8b03d6647:   00 00 00 00 48 8b 4b 08 48 85 c9 74 0d e8 c3 cd
0x00007ff8b03d6657:   ff ff 48 c7 43 08 00 00 00 00 ba 18 00 00 00 48
0x00007ff8b03d6667:   8b cb e8 ae cd ff ff 48 c7 05 0f 35 01 00 00 00
0x00007ff8b03d6677:   00 00 48 83 c4 20 5b c3 cc 40 53 48 83 ec 20 48 


Stack slot to memory mapping:

stack at sp + 0 slots: 0x0 is null
stack at sp + 1 slots: 0x000000593ffff418 points into unknown readable memory: 0x000000593ffff400 | 00 f4 ff 3f 59 00 00 00
stack at sp + 2 slots: 0x00007ff86a96fe60 jvm.dll
stack at sp + 3 slots: 0x00007ff8b03d3ed0 glass.dll
stack at sp + 4 slots: 0x0000022ae37b6858 points into unknown readable memory: 0x00004741a3f896c4 | c4 96 f8 a3 41 47 00 00
stack at sp + 5 slots: 0x00007ff8c5943a83 ucrtbase.dll
stack at sp + 6 slots: 0x0000022ae37b6850 points into unknown readable memory: 0x0007b8caa02b0844 | 44 08 2b a0 ca b8 07 00
stack at sp + 7 slots: 0x0000022a00000000 is an unknown value

VM_Operation (0x000000593f5ff030): Exit, mode: safepoint, requested by thread 0x0000022ae3d07c60


---------------  P R O C E S S  ---------------

Threads class SMR info:
_java_thread_list=0x0000022ae347dfc0, length=21, elements={
0x0000022afe560fd0, 0x0000022a9d8ed330, 0x0000022a9d8ee050, 0x0000022a9d8f0b50,
0x0000022a9d8f1910, 0x0000022a9d8f2370, 0x0000022a9d8fcf20, 0x0000022a9d923850,
0x0000022a9d924030, 0x0000022a9db03b20, 0x0000022ae37bbea0, 0x0000022ae36a1590,
0x0000022ae3bce6a0, 0x0000022ae37b8c80, 0x0000022ae3c415c0, 0x0000022ae3d05b90,
0x0000022ae3d08980, 0x0000022ae3d068b0, 0x0000022ae3d075d0, 0x0000022ae3d06f40,
0x0000022ae3d07c60
}

Java Threads: ( => current thread )
  0x0000022afe560fd0 JavaThread "main"                              [_thread_blocked, id=4792, stack(0x000000593f800000,0x000000593f900000) (1024K)]
  0x0000022a9d8ed330 JavaThread "Reference Handler"          daemon [_thread_blocked, id=2092, stack(0x0000005940000000,0x0000005940100000) (1024K)]
  0x0000022a9d8ee050 JavaThread "Finalizer"                  daemon [_thread_blocked, id=15892, stack(0x0000005940100000,0x0000005940200000) (1024K)]
  0x0000022a9d8f0b50 JavaThread "Signal Dispatcher"          daemon [_thread_blocked, id=5168, stack(0x0000005940200000,0x0000005940300000) (1024K)]
  0x0000022a9d8f1910 JavaThread "Attach Listener"            daemon [_thread_blocked, id=9172, stack(0x0000005940300000,0x0000005940400000) (1024K)]
  0x0000022a9d8f2370 JavaThread "Service Thread"             daemon [_thread_blocked, id=3884, stack(0x0000005940400000,0x0000005940500000) (1024K)]
  0x0000022a9d8fcf20 JavaThread "Monitor Deflation Thread"   daemon [_thread_blocked, id=12072, stack(0x0000005940500000,0x0000005940600000) (1024K)]
  0x0000022a9d923850 JavaThread "C2 CompilerThread0"         daemon [_thread_blocked, id=11168, stack(0x0000005940600000,0x0000005940700000) (1024K)]
  0x0000022a9d924030 JavaThread "C1 CompilerThread0"         daemon [_thread_blocked, id=6364, stack(0x0000005940700000,0x0000005940800000) (1024K)]
  0x0000022a9db03b20 JavaThread "Common-Cleaner"             daemon [_thread_blocked, id=17104, stack(0x0000005940800000,0x0000005940900000) (1024K)]
  0x0000022ae37bbea0 JavaThread "Monitor Ctrl-Break"         daemon [_thread_in_native, id=16536, stack(0x0000005940b00000,0x0000005940c00000) (1024K)]
  0x0000022ae36a1590 JavaThread "Notification Thread"        daemon [_thread_blocked, id=8968, stack(0x0000005940c00000,0x0000005940d00000) (1024K)]
  0x0000022ae3bce6a0 JavaThread "QuantumRenderer-0"          daemon [_thread_blocked, id=13180, stack(0x0000005940d00000,0x0000005940e00000) (1024K)]
  0x0000022ae37b8c80 JavaThread "InvokeLaterDispatcher"      daemon [_thread_blocked, id=8024, stack(0x0000005941000000,0x0000005941100000) (1024K)]
  0x0000022ae3c415c0 JavaThread "JavaFX Application Thread"         [_thread_in_native, id=4780, stack(0x0000005941100000,0x0000005941200000) (1024K)]
  0x0000022ae3d05b90 JavaThread "Thread-1"                   daemon [_thread_in_native, id=8244, stack(0x0000005940900000,0x0000005940a00000) (1024K)]
  0x0000022ae3d08980 JavaThread "JavaFX-Launcher"                   [_thread_blocked, id=7564, stack(0x0000005940a00000,0x0000005940b00000) (1024K)]
  0x0000022ae3d068b0 JavaThread "Prism Font Disposer"        daemon [_thread_blocked, id=16668, stack(0x0000005942200000,0x0000005942300000) (1024K)]
  0x0000022ae3d075d0 JavaThread "Cleaner-0"                  daemon [_thread_blocked, id=7724, stack(0x0000005942600000,0x0000005942700000) (1024K)]
  0x0000022ae3d06f40 JavaThread "mysql-cj-abandoned-connection-cleanup" daemon [_thread_blocked, id=9900, stack(0x0000005942800000,0x0000005942900000) (1024K)]
  0x0000022ae3d07c60 JavaThread "SIGINT handler"             daemon [_thread_blocked, id=15956, stack(0x000000593f500000,0x000000593f600000) (1024K)]
Total: 21

Other Threads:
=>0x0000022a9d8cef20 VMThread "VM Thread"                           [id=16880, stack(0x000000593ff00000,0x0000005940000000) (1024K)]
  0x0000022afe5c6400 WorkerThread "GC Thread#0"                     [id=4048, stack(0x000000593f900000,0x000000593fa00000) (1024K)]
  0x0000022ae3d38eb0 WorkerThread "GC Thread#1"                     [id=15136, stack(0x0000005941a00000,0x0000005941b00000) (1024K)]
  0x0000022ae3db21c0 WorkerThread "GC Thread#2"                     [id=3068, stack(0x0000005941b00000,0x0000005941c00000) (1024K)]
  0x0000022ae3db2560 WorkerThread "GC Thread#3"                     [id=14000, stack(0x0000005941c00000,0x0000005941d00000) (1024K)]
  0x0000022ae3db2d10 WorkerThread "GC Thread#4"                     [id=2816, stack(0x0000005941d00000,0x0000005941e00000) (1024K)]
  0x0000022ae3db30b0 WorkerThread "GC Thread#5"                     [id=14528, stack(0x0000005941e00000,0x0000005941f00000) (1024K)]
  0x0000022ae3f05760 WorkerThread "GC Thread#6"                     [id=6684, stack(0x0000005942000000,0x0000005942100000) (1024K)]
  0x0000022ae3f05b00 WorkerThread "GC Thread#7"                     [id=12776, stack(0x0000005942300000,0x0000005942400000) (1024K)]
  0x0000022ae3f06240 WorkerThread "GC Thread#8"                     [id=14212, stack(0x0000005942400000,0x0000005942500000) (1024K)]
  0x0000022ae3f04c80 WorkerThread "GC Thread#9"                     [id=7616, stack(0x0000005942500000,0x0000005942600000) (1024K)]
  0x0000022afe5d6ad0 ConcurrentGCThread "G1 Main Marker"            terminated
  0x0000022afe5d7d70 WorkerThread "G1 Conc#0"                       [id=9344, stack(0x000000593fb00000,0x000000593fc00000) (1024K)]
  0x0000022ae3f048e0 WorkerThread "G1 Conc#1"                       [id=11704, stack(0x0000005942a00000,0x0000005942b00000) (1024K)]
  0x0000022ae3f053c0 WorkerThread "G1 Conc#2"                       [id=11688, stack(0x0000005942b00000,0x0000005942c00000) (1024K)]
  0x0000022a9d78a530 ConcurrentGCThread "G1 Refine#0"               terminated
  0x0000022afe62e1a0 ConcurrentGCThread "G1 Service"                terminated
Total: 17

Threads with active compile tasks:
Total: 0

VM state: at safepoint (shutting down)

VM Mutex/Monitor currently owned by a thread:  ([mutex/lock_event])
[0x00007ff86a948548] Threads_lock - owner thread: 0x0000022a9d8cef20
[0x00007ff86a948648] Heap_lock - owner thread: 0x0000022ae3d07c60

Heap address: 0x000000070ac00000, size: 3924 MB, Compressed Oops mode: Zero based, Oop shift amount: 3

CDS archive(s) mapped at: [0x0000022a9e000000-0x0000022a9ec90000-0x0000022a9ec90000), size 13172736, SharedBaseAddress: 0x0000022a9e000000, ArchiveRelocationMode: 1.
Compressed class space mapped at: 0x0000022a9f000000-0x0000022adf000000, reserved size: 1073741824
Narrow klass base: 0x0000022a9e000000, Narrow klass shift: 0, Narrow klass range: 0x100000000

GC Precious Log:
 CardTable entry size: 512
 Card Set container configuration: InlinePtr #cards 4 size 8 Array Of Cards #cards 16 size 48 Howl #buckets 8 coarsen threshold 3686 Howl Bitmap #cards 512 size 80 coarsen threshold 460 Card regions per heap region 1 cards per card region 4096
 CPUs: 12 total, 12 available
 Memory: 15693M
 Large Page Support: Disabled
 NUMA Support: Disabled
 Compressed Oops: Enabled (Zero based)
 Heap Region Size: 2M
 Heap Min Capacity: 8M
 Heap Initial Capacity: 246M
 Heap Max Capacity: 3924M
 Pre-touch: Disabled
 Parallel Workers: 10
 Concurrent Workers: 3
 Concurrent Refinement Workers: 10
 Periodic GC: Disabled

Heap:
 garbage-first heap   total 55296K, used 20667K [0x000000070ac00000, 0x0000000800000000)
  region size 2048K, 10 young (20480K), 5 survivors (10240K)
 Metaspace       used 23636K, committed 24064K, reserved 1114112K
  class space    used 3200K, committed 3392K, reserved 1048576K

Heap Regions: E=young(eden), S=young(survivor), O=old, HS=humongous(starts), HC=humongous(continues), CS=collection set, F=free, TAMS=top-at-mark-start, PB=parsable bottom
|   0|0x000000070ac00000, 0x000000070aca4cd8, 0x000000070ae00000| 32%| O|Cm|TAMS 0x000000070ac00000| PB 0x000000070ac00000| Complete 
|   1|0x000000070ae00000, 0x000000070b000000, 0x000000070b000000|100%|HS|  |TAMS 0x000000070ae00000| PB 0x000000070ae00000| Complete 
|   2|0x000000070b000000, 0x000000070b000000, 0x000000070b200000|  0%| F|  |TAMS 0x000000070b000000| PB 0x000000070b000000| Untracked 
|   3|0x000000070b200000, 0x000000070b200000, 0x000000070b400000|  0%| F|  |TAMS 0x000000070b200000| PB 0x000000070b200000| Untracked 
|   4|0x000000070b400000, 0x000000070b400000, 0x000000070b600000|  0%| F|  |TAMS 0x000000070b400000| PB 0x000000070b400000| Untracked 
|   5|0x000000070b600000, 0x000000070b600000, 0x000000070b800000|  0%| F|  |TAMS 0x000000070b600000| PB 0x000000070b600000| Untracked 
|   6|0x000000070b800000, 0x000000070b800000, 0x000000070ba00000|  0%| F|  |TAMS 0x000000070b800000| PB 0x000000070b800000| Untracked 
|   7|0x000000070ba00000, 0x000000070ba00000, 0x000000070bc00000|  0%| F|  |TAMS 0x000000070ba00000| PB 0x000000070ba00000| Untracked 
|   8|0x000000070bc00000, 0x000000070bc00000, 0x000000070be00000|  0%| F|  |TAMS 0x000000070bc00000| PB 0x000000070bc00000| Untracked 
|   9|0x000000070be00000, 0x000000070be00000, 0x000000070c000000|  0%| F|  |TAMS 0x000000070be00000| PB 0x000000070be00000| Untracked 
|  10|0x000000070c000000, 0x000000070c000000, 0x000000070c200000|  0%| F|  |TAMS 0x000000070c000000| PB 0x000000070c000000| Untracked 
|  11|0x000000070c200000, 0x000000070c200000, 0x000000070c400000|  0%| F|  |TAMS 0x000000070c200000| PB 0x000000070c200000| Untracked 
|  12|0x000000070c400000, 0x000000070c400000, 0x000000070c600000|  0%| F|  |TAMS 0x000000070c400000| PB 0x000000070c400000| Untracked 
|  13|0x000000070c600000, 0x000000070c600000, 0x000000070c800000|  0%| F|  |TAMS 0x000000070c600000| PB 0x000000070c600000| Untracked 
|  14|0x000000070c800000, 0x000000070c800000, 0x000000070ca00000|  0%| F|  |TAMS 0x000000070c800000| PB 0x000000070c800000| Untracked 
|  15|0x000000070ca00000, 0x000000070ca00000, 0x000000070cc00000|  0%| F|  |TAMS 0x000000070ca00000| PB 0x000000070ca00000| Untracked 
|  16|0x000000070cc00000, 0x000000070cc00000, 0x000000070ce00000|  0%| F|  |TAMS 0x000000070cc00000| PB 0x000000070cc00000| Untracked 
|  17|0x000000070ce00000, 0x000000070cf05a50, 0x000000070d000000| 51%| E|  |TAMS 0x000000070ce00000| PB 0x000000070ce00000| Complete 
|  18|0x000000070d000000, 0x000000070d200000, 0x000000070d200000|100%| E|CS|TAMS 0x000000070d000000| PB 0x000000070d000000| Complete 
|  19|0x000000070d200000, 0x000000070d400000, 0x000000070d400000|100%| E|CS|TAMS 0x000000070d200000| PB 0x000000070d200000| Complete 
|  20|0x000000070d400000, 0x000000070d600000, 0x000000070d600000|100%| E|CS|TAMS 0x000000070d400000| PB 0x000000070d400000| Complete 
| 106|0x0000000718000000, 0x000000071818a1a0, 0x0000000718200000| 76%| S|CS|TAMS 0x0000000718000000| PB 0x0000000718000000| Complete 
| 107|0x0000000718200000, 0x0000000718400000, 0x0000000718400000|100%| S|CS|TAMS 0x0000000718200000| PB 0x0000000718200000| Complete 
| 108|0x0000000718400000, 0x0000000718600000, 0x0000000718600000|100%| S|CS|TAMS 0x0000000718400000| PB 0x0000000718400000| Complete 
| 109|0x0000000718600000, 0x0000000718800000, 0x0000000718800000|100%| S|CS|TAMS 0x0000000718600000| PB 0x0000000718600000| Complete 
| 110|0x0000000718800000, 0x0000000718a00000, 0x0000000718a00000|100%| S|CS|TAMS 0x0000000718800000| PB 0x0000000718800000| Complete 
| 122|0x000000071a000000, 0x000000071a200000, 0x000000071a200000|100%| E|CS|TAMS 0x000000071a000000| PB 0x000000071a000000| Complete 

Card table byte_map: [0x0000022aff330000,0x0000022affae0000] _byte_map_base: 0x0000022afbada000

Marking Bits: (CMBitMap*) 0x0000022afe5c6b00
 Bits: [0x0000022a97380000, 0x0000022a9b0d0000)

Polling page: 0x0000022afc4e0000

Metaspace:

Usage:
  Non-class:     19.96 MB used.
      Class:      3.13 MB used.
       Both:     23.08 MB used.

Virtual space:
  Non-class space:       64.00 MB reserved,      20.19 MB ( 32%) committed,  1 nodes.
      Class space:        1.00 GB reserved,       3.31 MB ( <1%) committed,  1 nodes.
             Both:        1.06 GB reserved,      23.50 MB (  2%) committed. 

Chunk freelists:
   Non-Class:  10.91 MB
       Class:  12.68 MB
        Both:  23.59 MB

MaxMetaspaceSize: unlimited
CompressedClassSpaceSize: 1.00 GB
Initial GC threshold: 21.00 MB
Current GC threshold: 35.31 MB
CDS: on
 - commit_granule_bytes: 65536.
 - commit_granule_words: 8192.
 - virtual_space_node_default_size: 8388608.
 - enlarge_chunks_in_place: 1.
 - use_allocation_guard: 0.


Internal statistics:

num_allocs_failed_limit: 3.
num_arena_births: 404.
num_arena_deaths: 0.
num_vsnodes_births: 2.
num_vsnodes_deaths: 0.
num_space_committed: 376.
num_space_uncommitted: 0.
num_chunks_returned_to_freelist: 3.
num_chunks_taken_from_freelist: 1043.
num_chunk_merges: 3.
num_chunk_splits: 726.
num_chunks_enlarged: 544.
num_inconsistent_stats: 0.

CodeHeap 'non-profiled nmethods': size=120000Kb used=1343Kb max_used=1343Kb free=118656Kb
 bounds [0x0000022a8fe50000, 0x0000022a900c0000, 0x0000022a97380000]
CodeHeap 'profiled nmethods': size=120000Kb used=5877Kb max_used=5877Kb free=114122Kb
 bounds [0x0000022a88380000, 0x0000022a88940000, 0x0000022a8f8b0000]
CodeHeap 'non-nmethods': size=5760Kb used=1911Kb max_used=1945Kb free=3848Kb
 bounds [0x0000022a8f8b0000, 0x0000022a8fb20000, 0x0000022a8fe50000]
 total_blobs=4134 nmethods=3241 adapters=796
 compilation: enabled
              stopped_count=0, restarted_count=0
 full_count=0

Compilation events (20 events):
Event: 14.644 Thread 0x0000022a9d924030 3231       3       com.sun.javafx.tk.quantum.QuantumToolkit::isSupported (142 bytes)
Event: 14.645 Thread 0x0000022a9d924030 nmethod 3231 0x0000022a88939910 code [0x0000022a88939c40, 0x0000022a8893adb0]
Event: 14.652 Thread 0x0000022a9d924030 3232   !   3       javafx.scene.Node::sceneToLocal (13 bytes)
Event: 14.652 Thread 0x0000022a9d924030 nmethod 3232 0x0000022a8893b310 code [0x0000022a8893b4c0, 0x0000022a8893b650]
Event: 14.764 Thread 0x0000022a9d924030 3233       3       javafx.scene.input.PickResult::<init> (47 bytes)
Event: 14.764 Thread 0x0000022a9d924030 nmethod 3233 0x0000022a8893b710 code [0x0000022a8893b8c0, 0x0000022a8893bb80]
Event: 15.074 Thread 0x0000022a9d924030 3234       3       javafx.beans.property.BooleanPropertyBase::fireValueChangedEvent (8 bytes)
Event: 15.075 Thread 0x0000022a9d924030 nmethod 3234 0x0000022a8893bc90 code [0x0000022a8893be40, 0x0000022a8893c0b0]
Event: 20.696 Thread 0x0000022a9d924030 3235       3       jdk.internal.loader.BuiltinClassLoader::hasClassPath (13 bytes)
Event: 20.696 Thread 0x0000022a9d924030 nmethod 3235 0x0000022a8893c190 code [0x0000022a8893c320, 0x0000022a8893c490]
Event: 86.518 Thread 0x0000022a9d923850 3237       4       com.sun.javafx.tk.quantum.QuantumToolkit::postPulse (133 bytes)
Event: 86.521 Thread 0x0000022a9d923850 nmethod 3237 0x0000022a8ff9e890 code [0x0000022a8ff9ea60, 0x0000022a8ff9ed40]
Event: 86.807 Thread 0x0000022a9d923850 3238       4       com.sun.javafx.tk.quantum.QuantumToolkit$$Lambda/0x0000022a9f03df20::run (8 bytes)
Event: 86.812 Thread 0x0000022a9d923850 nmethod 3238 0x0000022a8ff9f010 code [0x0000022a8ff9f200, 0x0000022a8ff9f550]
Event: 90.777 Thread 0x0000022a9d924030 3240       3       jdk.internal.loader.URLClassPath$JarLoader::findResource (18 bytes)
Event: 90.778 Thread 0x0000022a9d924030 nmethod 3240 0x0000022a8893c510 code [0x0000022a8893c6c0, 0x0000022a8893c8b8]
Event: 125.832 Thread 0x0000022a9d924030 3241       3       jdk.internal.module.Resources::toPackageName (39 bytes)
Event: 125.833 Thread 0x0000022a9d924030 nmethod 3241 0x0000022a8893c990 code [0x0000022a8893cbc0, 0x0000022a8893d270]
Event: 141.688 Thread 0x0000022a9d924030 3242       1       java.util.logging.LogManager$LoggerContext::getOwner (5 bytes)
Event: 141.688 Thread 0x0000022a9d924030 nmethod 3242 0x0000022a8ff9fc90 code [0x0000022a8ff9fe20, 0x0000022a8ff9fef0]

GC Heap History (6 events):
Event: 0.815 GC heap before
{Heap before GC invocations=0 (full 0):
 garbage-first heap   total 251904K, used 20480K [0x000000070ac00000, 0x0000000800000000)
  region size 2048K, 11 young (22528K), 0 survivors (0K)
 Metaspace       used 4609K, committed 4800K, reserved 1114112K
  class space    used 503K, committed 576K, reserved 1048576K
}
Event: 0.818 GC heap after
{Heap after GC invocations=1 (full 0):
 garbage-first heap   total 251904K, used 2952K [0x000000070ac00000, 0x0000000800000000)
  region size 2048K, 2 young (4096K), 2 survivors (4096K)
 Metaspace       used 4609K, committed 4800K, reserved 1114112K
  class space    used 503K, committed 576K, reserved 1048576K
}
Event: 2.492 GC heap before
{Heap before GC invocations=1 (full 0):
 garbage-first heap   total 251904K, used 41864K [0x000000070ac00000, 0x0000000800000000)
  region size 2048K, 21 young (43008K), 2 survivors (4096K)
 Metaspace       used 13614K, committed 14016K, reserved 1114112K
  class space    used 1883K, committed 2048K, reserved 1048576K
}
Event: 2.500 GC heap after
{Heap after GC invocations=2 (full 0):
 garbage-first heap   total 251904K, used 6803K [0x000000070ac00000, 0x0000000800000000)
  region size 2048K, 3 young (6144K), 3 survivors (6144K)
 Metaspace       used 13614K, committed 14016K, reserved 1114112K
  class space    used 1883K, committed 2048K, reserved 1048576K
}
Event: 6.080 GC heap before
{Heap before GC invocations=2 (full 0):
 garbage-first heap   total 251904K, used 31379K [0x000000070ac00000, 0x0000000800000000)
  region size 2048K, 15 young (30720K), 3 survivors (6144K)
 Metaspace       used 21197K, committed 21504K, reserved 1114112K
  class space    used 2907K, committed 3072K, reserved 1048576K
}
Event: 6.092 GC heap after
{Heap after GC invocations=3 (full 0):
 garbage-first heap   total 251904K, used 12475K [0x000000070ac00000, 0x0000000800000000)
  region size 2048K, 5 young (10240K), 5 survivors (10240K)
 Metaspace       used 21197K, committed 21504K, reserved 1114112K
  class space    used 2907K, committed 3072K, reserved 1048576K
}

Dll operation events (20 events):
Event: 0.514 Loaded shared library C:\Users\pavlo\.openjfx\cache\21-ea+null\amd64\api-ms-win-crt-math-l1-1-0.dll
Event: 0.518 Loaded shared library C:\Users\pavlo\.openjfx\cache\21-ea+null\amd64\api-ms-win-crt-multibyte-l1-1-0.dll
Event: 0.523 Loaded shared library C:\Users\pavlo\.openjfx\cache\21-ea+null\amd64\api-ms-win-crt-private-l1-1-0.dll
Event: 0.526 Loaded shared library C:\Users\pavlo\.openjfx\cache\21-ea+null\amd64\api-ms-win-crt-process-l1-1-0.dll
Event: 0.530 Loaded shared library C:\Users\pavlo\.openjfx\cache\21-ea+null\amd64\api-ms-win-crt-runtime-l1-1-0.dll
Event: 0.533 Loaded shared library C:\Users\pavlo\.openjfx\cache\21-ea+null\amd64\api-ms-win-crt-stdio-l1-1-0.dll
Event: 0.537 Loaded shared library C:\Users\pavlo\.openjfx\cache\21-ea+null\amd64\api-ms-win-crt-string-l1-1-0.dll
Event: 0.540 Loaded shared library C:\Users\pavlo\.openjfx\cache\21-ea+null\amd64\api-ms-win-crt-time-l1-1-0.dll
Event: 0.544 Loaded shared library C:\Users\pavlo\.openjfx\cache\21-ea+null\amd64\api-ms-win-crt-utility-l1-1-0.dll
Event: 0.562 Loaded shared library C:\Users\pavlo\.openjfx\cache\21-ea+null\amd64\ucrtbase.dll
Event: 0.566 Loaded shared library C:\Users\pavlo\.openjfx\cache\21-ea+null\amd64\vcruntime140.dll
Event: 0.570 Loaded shared library C:\Users\pavlo\.openjfx\cache\21-ea+null\amd64\vcruntime140_1.dll
Event: 0.582 Loaded shared library C:\Users\pavlo\.openjfx\cache\21-ea+null\amd64\msvcp140.dll
Event: 0.586 Loaded shared library C:\Users\pavlo\.openjfx\cache\21-ea+null\amd64\msvcp140_1.dll
Event: 0.592 Loaded shared library C:\Users\pavlo\.openjfx\cache\21-ea+null\amd64\msvcp140_2.dll
Event: 0.638 Loaded shared library C:\Users\pavlo\.openjfx\cache\21-ea+null\amd64\prism_d3d.dll
Event: 0.689 Loaded shared library C:\Users\pavlo\.openjfx\cache\21-ea+null\amd64\glass.dll
Event: 0.850 Loaded shared library C:\Users\pavlo\.jdks\openjdk-21\bin\jimage.dll
Event: 1.051 Loaded shared library C:\Users\pavlo\.openjfx\cache\21-ea+null\amd64\javafx_font.dll
Event: 6.043 Loaded shared library C:\Users\pavlo\.jdks\openjdk-21\bin\sunmscapi.dll

Deoptimization events (20 events):
Event: 6.230 Thread 0x0000022ae3c415c0 DEOPT PACKING pc=0x0000022a8ff6d60c sp=0x00000059411f8200
Event: 6.230 Thread 0x0000022ae3c415c0 DEOPT UNPACKING pc=0x0000022a8f9046a2 sp=0x00000059411f8168 mode 2
Event: 6.230 Thread 0x0000022ae3c415c0 Uncommon trap: trap_request=0xffffffbe fr.pc=0x0000022a8ff6d60c relative=0x00000000000003cc
Event: 6.230 Thread 0x0000022ae3c415c0 Uncommon trap: reason=profile_predicate action=maybe_recompile pc=0x0000022a8ff6d60c method=java.util.regex.Pattern$SliceI.match(Ljava/util/regex/Matcher;ILjava/lang/CharSequence;)Z @ 18 c2
Event: 6.230 Thread 0x0000022ae3c415c0 DEOPT PACKING pc=0x0000022a8ff6d60c sp=0x00000059411f8200
Event: 6.230 Thread 0x0000022ae3c415c0 DEOPT UNPACKING pc=0x0000022a8f9046a2 sp=0x00000059411f8168 mode 2
Event: 6.300 Thread 0x0000022ae3c415c0 Uncommon trap: trap_request=0xffffffde fr.pc=0x0000022a8ff7f7d8 relative=0x0000000000000a78
Event: 6.300 Thread 0x0000022ae3c415c0 Uncommon trap: reason=class_check action=maybe_recompile pc=0x0000022a8ff7f7d8 method=java.util.HashMap.putVal(ILjava/lang/Object;Ljava/lang/Object;ZZ)Ljava/lang/Object; @ 253 c2
Event: 6.300 Thread 0x0000022ae3c415c0 DEOPT PACKING pc=0x0000022a8ff7f7d8 sp=0x00000059411f88c0
Event: 6.300 Thread 0x0000022ae3c415c0 DEOPT UNPACKING pc=0x0000022a8f9046a2 sp=0x00000059411f87f8 mode 2
Event: 6.301 Thread 0x0000022ae3c415c0 Uncommon trap: trap_request=0xffffffde fr.pc=0x0000022a8ff7f7d8 relative=0x0000000000000a78
Event: 6.301 Thread 0x0000022ae3c415c0 Uncommon trap: reason=class_check action=maybe_recompile pc=0x0000022a8ff7f7d8 method=java.util.HashMap.putVal(ILjava/lang/Object;Ljava/lang/Object;ZZ)Ljava/lang/Object; @ 253 c2
Event: 6.301 Thread 0x0000022ae3c415c0 DEOPT PACKING pc=0x0000022a8ff7f7d8 sp=0x00000059411f88c0
Event: 6.301 Thread 0x0000022ae3c415c0 DEOPT UNPACKING pc=0x0000022a8f9046a2 sp=0x00000059411f87f8 mode 2
Event: 6.384 Thread 0x0000022ae3c415c0 DEOPT PACKING pc=0x0000022a884871ce sp=0x00000059411f8f90
Event: 6.384 Thread 0x0000022ae3c415c0 DEOPT UNPACKING pc=0x0000022a8f904e42 sp=0x00000059411f8430 mode 0
Event: 6.436 Thread 0x0000022ae3c415c0 Uncommon trap: trap_request=0xffffff45 fr.pc=0x0000022a8fe76250 relative=0x00000000000000b0
Event: 6.436 Thread 0x0000022ae3c415c0 Uncommon trap: reason=unstable_if action=reinterpret pc=0x0000022a8fe76250 method=java.util.HashMap.hash(Ljava/lang/Object;)I @ 1 c2
Event: 6.436 Thread 0x0000022ae3c415c0 DEOPT PACKING pc=0x0000022a8fe76250 sp=0x00000059411f91d0
Event: 6.436 Thread 0x0000022ae3c415c0 DEOPT UNPACKING pc=0x0000022a8f9046a2 sp=0x00000059411f9168 mode 2

Classes loaded (20 events):
Event: 6.291 Loading class javax/security/auth/callback/UnsupportedCallbackException
Event: 6.291 Loading class javax/security/auth/callback/UnsupportedCallbackException done
Event: 6.291 Loading class javax/security/auth/login/Configuration
Event: 6.292 Loading class javax/security/auth/login/Configuration done
Event: 6.292 Loading class javax/security/auth/callback/Callback
Event: 6.292 Loading class javax/security/auth/callback/Callback done
Event: 6.292 Loading class sun/invoke/util/VerifyAccess$1
Event: 6.292 Loading class sun/invoke/util/VerifyAccess$1 done
Event: 6.298 Loading class sun/security/ssl/PostHandshakeContext
Event: 6.298 Loading class sun/security/ssl/PostHandshakeContext done
Event: 6.299 Loading class sun/security/ssl/NewSessionTicket$T13NewSessionTicketMessage
Event: 6.299 Loading class sun/security/ssl/NewSessionTicket$NewSessionTicketMessage
Event: 6.299 Loading class sun/security/ssl/NewSessionTicket$NewSessionTicketMessage done
Event: 6.299 Loading class sun/security/ssl/NewSessionTicket$T13NewSessionTicketMessage done
Event: 6.336 Loading class java/util/TimerTask
Event: 6.336 Loading class java/util/TimerTask done
Event: 6.340 Loading class java/util/RegularEnumSet$EnumSetIterator
Event: 6.340 Loading class java/util/RegularEnumSet$EnumSetIterator done
Event: 141.687 Loading class jdk/internal/misc/Signal$1
Event: 141.687 Loading class jdk/internal/misc/Signal$1 done

Classes unloaded (0 events):
No events

Classes redefined (0 events):
No events

Internal exceptions (20 events):
Event: 2.517 Thread 0x0000022ae3c415c0 Exception <a 'java/lang/ClassNotFoundException'{0x000000071a18a588}: com/sun/javafx/scene/control/skin/resources/controls_uk> (0x000000071a18a588) 
thrown [s\open\src\hotspot\share\prims\jni.cpp, line 539]
Event: 2.517 Thread 0x0000022ae3c415c0 Exception <a 'java/lang/ClassNotFoundException'{0x000000071a18b830}: com/sun/javafx/scene/control/skin/resources/controls_uk_UA> (0x000000071a18b830) 
thrown [s\open\src\hotspot\share\prims\jni.cpp, line 539]
Event: 2.548 Thread 0x0000022ae3c415c0 Exception <a 'java/lang/NoSuchMethodError'{0x0000000719f54910}: 'void java.lang.invoke.DirectMethodHandle$Holder.invokeSpecial(java.lang.Object, java.lang.Object, java.lang.Object, java.lang.Object, java.lang.Object, java.lang.Object)'> (0x0000000719f54910) 
thrown [s\open\src\hotspot\share\interpreter\linkResolver.cpp, line 773]
Event: 5.696 Thread 0x0000022ae3c415c0 Exception <a 'sun/nio/fs/WindowsException'{0x00000007194e2af8}> (0x00000007194e2af8) 
thrown [s\open\src\hotspot\share\prims\jni.cpp, line 520]
Event: 5.723 Thread 0x0000022ae3c415c0 Exception <a 'java/lang/NoSuchMethodError'{0x00000007195e87b8}: 'java.lang.Object java.lang.invoke.DirectMethodHandle$Holder.invokeInterface(java.lang.Object, java.lang.Object)'> (0x00000007195e87b8) 
thrown [s\open\src\hotspot\share\interpreter\linkResolver.cpp, line 773]
Event: 5.727 Thread 0x0000022ae3c415c0 Exception <a 'sun/nio/fs/WindowsException'{0x00000007195f2298}> (0x00000007195f2298) 
thrown [s\open\src\hotspot\share\prims\jni.cpp, line 520]
Event: 5.728 Thread 0x0000022ae3c415c0 Exception <a 'sun/nio/fs/WindowsException'{0x00000007195f4cf8}> (0x00000007195f4cf8) 
thrown [s\open\src\hotspot\share\prims\jni.cpp, line 520]
Event: 5.738 Thread 0x0000022ae3c415c0 Exception <a 'sun/nio/fs/WindowsException'{0x00000007192510a0}> (0x00000007192510a0) 
thrown [s\open\src\hotspot\share\prims\jni.cpp, line 520]
Event: 5.738 Thread 0x0000022ae3c415c0 Exception <a 'sun/nio/fs/WindowsException'{0x0000000719253c70}> (0x0000000719253c70) 
thrown [s\open\src\hotspot\share\prims\jni.cpp, line 520]
Event: 5.746 Thread 0x0000022ae3c415c0 Exception <a 'java/lang/NoSuchMethodError'{0x0000000719261cd8}: 'java.lang.Object java.lang.invoke.DirectMethodHandle$Holder.invokeVirtual(java.lang.Object, java.lang.Object, java.lang.Object)'> (0x0000000719261cd8) 
thrown [s\open\src\hotspot\share\interpreter\linkResolver.cpp, line 773]
Event: 5.823 Thread 0x0000022ae3c415c0 Exception <a 'sun/nio/fs/WindowsException'{0x00000007191540e0}> (0x00000007191540e0) 
thrown [s\open\src\hotspot\share\prims\jni.cpp, line 520]
Event: 5.914 Thread 0x0000022ae3c415c0 Exception <a 'sun/nio/fs/WindowsException'{0x0000000718fbdbd0}> (0x0000000718fbdbd0) 
thrown [s\open\src\hotspot\share\prims\jni.cpp, line 520]
Event: 5.958 Thread 0x0000022ae3c415c0 Exception <a 'sun/nio/fs/WindowsException'{0x0000000718cb1da0}> (0x0000000718cb1da0) 
thrown [s\open\src\hotspot\share\prims\jni.cpp, line 520]
Event: 5.963 Thread 0x0000022ae3c415c0 Exception <a 'sun/nio/fs/WindowsException'{0x0000000718cc2d90}> (0x0000000718cc2d90) 
thrown [s\open\src\hotspot\share\prims\jni.cpp, line 520]
Event: 6.000 Thread 0x0000022ae3c415c0 Exception <a 'java/lang/NoSuchMethodError'{0x0000000718d5cb50}: 'java.lang.Object java.lang.invoke.DirectMethodHandle$Holder.invokeStaticInit(java.lang.Object, int, int, int, int)'> (0x0000000718d5cb50) 
thrown [s\open\src\hotspot\share\interpreter\linkResolver.cpp, line 773]
Event: 6.018 Thread 0x0000022ae3c415c0 Exception <a 'java/lang/NoSuchMethodError'{0x0000000718dc5168}: 'java.lang.Object java.lang.invoke.DirectMethodHandle$Holder.invokeStaticInit(java.lang.Object, java.lang.Object, int, int, int, int)'> (0x0000000718dc5168) 
thrown [s\open\src\hotspot\share\interpreter\linkResolver.cpp, line 773]
Event: 6.436 Thread 0x0000022ae3c415c0 Implicit null exception at 0x0000022a8fe761bd to 0x0000022a8fe76241
Event: 8.205 Thread 0x0000022ae3c415c0 Exception <a 'java/lang/NoSuchMethodError'{0x000000070d2a0c00}: 'java.lang.Object java.lang.invoke.DirectMethodHandle$Holder.newInvokeSpecial(java.lang.Object, java.lang.Object, int, int, int, int, int, java.lang.Object)'> (0x000000070d2a0c00) 
thrown [s\open\src\hotspot\share\interpreter\linkResolver.cpp, line 773]
Event: 8.207 Thread 0x0000022ae3c415c0 Exception <a 'java/lang/NoSuchMethodError'{0x000000070d2b32d0}: 'java.lang.Object java.lang.invoke.DirectMethodHandle$Holder.newInvokeSpecial(java.lang.Object, java.lang.Object, java.lang.Object, int, int, int, int, int)'> (0x000000070d2b32d0) 
thrown [s\open\src\hotspot\share\interpreter\linkResolver.cpp, line 773]
Event: 8.208 Thread 0x0000022ae3c415c0 Exception <a 'java/lang/NoSuchMethodError'{0x000000070d2bb0d0}: 'java.lang.Object java.lang.invoke.Invokers$Holder.linkToTargetMethod(java.lang.Object, java.lang.Object, int, int, int, int, int, java.lang.Object)'> (0x000000070d2bb0d0) 
thrown [s\open\src\hotspot\share\interpreter\linkResolver.cpp, line 773]

ZGC Phase Switch (0 events):
No events

VM Operations (20 events):
Event: 6.092 Executing VM operation: CollectForMetadataAllocation (Metadata GC Threshold) done
Event: 6.098 Executing VM operation: G1PauseRemark
Event: 6.102 Executing VM operation: G1PauseRemark done
Event: 6.102 Executing VM operation: G1PauseCleanup
Event: 6.103 Executing VM operation: G1PauseCleanup done
Event: 6.256 Executing VM operation: HandshakeAllThreads (Deoptimize)
Event: 6.256 Executing VM operation: HandshakeAllThreads (Deoptimize) done
Event: 7.256 Executing VM operation: Cleanup
Event: 7.256 Executing VM operation: Cleanup done
Event: 9.257 Executing VM operation: Cleanup
Event: 9.257 Executing VM operation: Cleanup done
Event: 11.257 Executing VM operation: Cleanup
Event: 11.257 Executing VM operation: Cleanup done
Event: 15.259 Executing VM operation: Cleanup
Event: 15.259 Executing VM operation: Cleanup done
Event: 60.024 Executing VM operation: HandshakeAllThreads (HandshakeForDeflation)
Event: 60.024 Executing VM operation: HandshakeAllThreads (HandshakeForDeflation) done
Event: 60.024 Executing VM operation: RendezvousGCThreads
Event: 60.024 Executing VM operation: RendezvousGCThreads done
Event: 141.691 Executing VM operation: Exit

Events (20 events):
Event: 0.803 Thread 0x0000022ae3d05b90 Thread added: 0x0000022ae3d05b90
Event: 0.808 Thread 0x0000022ae3d08980 Thread added: 0x0000022ae3d08980
Event: 1.068 Thread 0x0000022ae3ed0e80 Thread added: 0x0000022ae3ed0e80
Event: 1.137 Thread 0x0000022ae3eeda40 Thread added: 0x0000022ae3eeda40
Event: 1.392 Thread 0x0000022ae3d068b0 Thread added: 0x0000022ae3d068b0
Event: 1.572 Thread 0x0000022ae3eeda40 Thread exited: 0x0000022ae3eeda40
Event: 1.620 Thread 0x0000022ae3ed0e80 Thread exited: 0x0000022ae3ed0e80
Event: 2.480 Thread 0x0000022ae423c350 Thread added: 0x0000022ae423c350
Event: 2.658 Thread 0x0000022ae3d075d0 Thread added: 0x0000022ae3d075d0
Event: 2.851 Thread 0x0000022ae423c350 Thread exited: 0x0000022ae423c350
Event: 5.693 Thread 0x0000022ae3d06f40 Thread added: 0x0000022ae3d06f40
Event: 5.736 Thread 0x0000022ae4208d70 Thread added: 0x0000022ae4208d70
Event: 6.156 Thread 0x0000022ae47b7b70 Thread added: 0x0000022ae47b7b70
Event: 6.764 Thread 0x0000022ae47b7b70 Thread exited: 0x0000022ae47b7b70
Event: 6.772 Thread 0x0000022ae4208d70 Thread exited: 0x0000022ae4208d70
Event: 141.687 Thread 0x0000022ae3d07c60 Thread added: 0x0000022ae3d07c60
Event: 141.689 Thread 0x0000022ae3d06220 Thread added: 0x0000022ae3d06220
Event: 141.689 Thread 0x0000022ae3d082f0 Thread added: 0x0000022ae3d082f0
Event: 141.690 Thread 0x0000022ae3d082f0 Thread exited: 0x0000022ae3d082f0
Event: 141.690 Thread 0x0000022ae3d06220 Thread exited: 0x0000022ae3d06220


Dynamic libraries:
0x00007ff6a4fe0000 - 0x00007ff6a4fee000 	C:\Users\pavlo\.jdks\openjdk-21\bin\java.exe
0x00007ff8c7d50000 - 0x00007ff8c7f67000 	C:\WINDOWS\SYSTEM32\ntdll.dll
0x00007ff8c7060000 - 0x00007ff8c7124000 	C:\WINDOWS\System32\KERNEL32.DLL
0x00007ff8c51f0000 - 0x00007ff8c5596000 	C:\WINDOWS\System32\KERNELBASE.dll
0x00007ff8c58f0000 - 0x00007ff8c5a01000 	C:\WINDOWS\System32\ucrtbase.dll
0x00007ff8b0130000 - 0x00007ff8b014b000 	C:\Users\pavlo\.jdks\openjdk-21\bin\VCRUNTIME140.dll
0x00007ff8b0150000 - 0x00007ff8b0168000 	C:\Users\pavlo\.jdks\openjdk-21\bin\jli.dll
0x00007ff8c6440000 - 0x00007ff8c65ed000 	C:\WINDOWS\System32\USER32.dll
0x00007ff8c55a0000 - 0x00007ff8c55c6000 	C:\WINDOWS\System32\win32u.dll
0x00007ff8c7690000 - 0x00007ff8c76b9000 	C:\WINDOWS\System32\GDI32.dll
0x00007ff8a5bc0000 - 0x00007ff8a5e53000 	C:\WINDOWS\WinSxS\amd64_microsoft.windows.common-controls_6595b64144ccf1df_6.0.22621.2361_none_2712ced57382f843\COMCTL32.dll
0x00007ff8c50d0000 - 0x00007ff8c51e8000 	C:\WINDOWS\System32\gdi32full.dll
0x00007ff8c5ab0000 - 0x00007ff8c5b57000 	C:\WINDOWS\System32\msvcrt.dll
0x00007ff8c5a10000 - 0x00007ff8c5aaa000 	C:\WINDOWS\System32\msvcp_win.dll
0x00007ff8c6ed0000 - 0x00007ff8c6f01000 	C:\WINDOWS\System32\IMM32.DLL
0x00007ff8b0120000 - 0x00007ff8b012c000 	C:\Users\pavlo\.jdks\openjdk-21\bin\vcruntime140_1.dll
0x00007ff89f510000 - 0x00007ff89f59e000 	C:\Users\pavlo\.jdks\openjdk-21\bin\msvcp140.dll
0x00007ff869d10000 - 0x00007ff86aa23000 	C:\Users\pavlo\.jdks\openjdk-21\bin\server\jvm.dll
0x00007ff8c7470000 - 0x00007ff8c7520000 	C:\WINDOWS\System32\ADVAPI32.dll
0x00007ff8c65f0000 - 0x00007ff8c6696000 	C:\WINDOWS\System32\sechost.dll
0x00007ff8c7350000 - 0x00007ff8c7467000 	C:\WINDOWS\System32\RPCRT4.dll
0x00007ff8c63c0000 - 0x00007ff8c6431000 	C:\WINDOWS\System32\WS2_32.dll
0x00007ff8c49a0000 - 0x00007ff8c49ed000 	C:\WINDOWS\SYSTEM32\POWRPROF.dll
0x00007ff8bd550000 - 0x00007ff8bd55a000 	C:\WINDOWS\SYSTEM32\VERSION.dll
0x00007ff8bd720000 - 0x00007ff8bd754000 	C:\WINDOWS\SYSTEM32\WINMM.dll
0x00007ff8c4930000 - 0x00007ff8c4943000 	C:\WINDOWS\SYSTEM32\UMPDC.dll
0x00007ff8c4110000 - 0x00007ff8c4128000 	C:\WINDOWS\SYSTEM32\kernel.appcore.dll
0x00007ff8a8d40000 - 0x00007ff8a8d4a000 	C:\Users\pavlo\.jdks\openjdk-21\bin\jimage.dll
0x00007ff8b31c0000 - 0x00007ff8b33ee000 	C:\WINDOWS\SYSTEM32\DBGHELP.DLL
0x00007ff8c7980000 - 0x00007ff8c7d0a000 	C:\WINDOWS\System32\combase.dll
0x00007ff8c75b0000 - 0x00007ff8c7687000 	C:\WINDOWS\System32\OLEAUT32.dll
0x00007ff8acab0000 - 0x00007ff8acae2000 	C:\WINDOWS\SYSTEM32\dbgcore.DLL
0x00007ff8c55d0000 - 0x00007ff8c564a000 	C:\WINDOWS\System32\bcryptPrimitives.dll
0x00007ff8c1d50000 - 0x00007ff8c1d5f000 	C:\Users\pavlo\.jdks\openjdk-21\bin\instrument.dll
0x00007ff8a8730000 - 0x00007ff8a874f000 	C:\Users\pavlo\.jdks\openjdk-21\bin\java.dll
0x00007ff8c5b60000 - 0x00007ff8c63b8000 	C:\WINDOWS\System32\SHELL32.dll
0x00007ff8c3030000 - 0x00007ff8c3922000 	C:\WINDOWS\SYSTEM32\windows.storage.dll
0x00007ff8c2ef0000 - 0x00007ff8c302e000 	C:\WINDOWS\SYSTEM32\wintypes.dll
0x00007ff8c7250000 - 0x00007ff8c7343000 	C:\WINDOWS\System32\SHCORE.dll
0x00007ff8c71f0000 - 0x00007ff8c724e000 	C:\WINDOWS\System32\shlwapi.dll
0x00007ff8c5000000 - 0x00007ff8c5026000 	C:\WINDOWS\SYSTEM32\profapi.dll
0x00007ff89d180000 - 0x00007ff89d257000 	C:\Users\pavlo\.jdks\openjdk-21\bin\jsvml.dll
0x00007ff8a8410000 - 0x00007ff8a8420000 	C:\Users\pavlo\.jdks\openjdk-21\bin\net.dll
0x00007ff8bf990000 - 0x00007ff8bfac7000 	C:\WINDOWS\SYSTEM32\WINHTTP.dll
0x00007ff8c45f0000 - 0x00007ff8c4659000 	C:\WINDOWS\system32\mswsock.dll
0x00007ff8a83f0000 - 0x00007ff8a8406000 	C:\Users\pavlo\.jdks\openjdk-21\bin\nio.dll
0x00007ff8a7730000 - 0x00007ff8a7748000 	C:\Users\pavlo\.jdks\openjdk-21\bin\zip.dll
0x00007ff8c1cd0000 - 0x00007ff8c1cea000 	C:\Program Files\JetBrains\IntelliJ IDEA 2023.2.2\bin\breakgen64.dll
0x0000022a9de60000 - 0x0000022a9de63000 	C:\Users\pavlo\.openjfx\cache\21-ea+null\amd64\api-ms-win-core-console-l1-1-0.dll
0x0000022a9de70000 - 0x0000022a9de73000 	C:\Users\pavlo\.openjfx\cache\21-ea+null\amd64\api-ms-win-core-console-l1-2-0.dll
0x0000022a9de80000 - 0x0000022a9de83000 	C:\Users\pavlo\.openjfx\cache\21-ea+null\amd64\api-ms-win-core-datetime-l1-1-0.dll
0x0000022a9de90000 - 0x0000022a9de93000 	C:\Users\pavlo\.openjfx\cache\21-ea+null\amd64\api-ms-win-core-debug-l1-1-0.dll
0x0000022a9dea0000 - 0x0000022a9dea3000 	C:\Users\pavlo\.openjfx\cache\21-ea+null\amd64\api-ms-win-core-errorhandling-l1-1-0.dll
0x0000022a9deb0000 - 0x0000022a9deb4000 	C:\Users\pavlo\.openjfx\cache\21-ea+null\amd64\api-ms-win-core-file-l1-1-0.dll
0x0000022a9dec0000 - 0x0000022a9dec3000 	C:\Users\pavlo\.openjfx\cache\21-ea+null\amd64\api-ms-win-core-file-l1-2-0.dll
0x0000022a9ded0000 - 0x0000022a9ded3000 	C:\Users\pavlo\.openjfx\cache\21-ea+null\amd64\api-ms-win-core-file-l2-1-0.dll
0x0000022a9dee0000 - 0x0000022a9dee3000 	C:\Users\pavlo\.openjfx\cache\21-ea+null\amd64\api-ms-win-core-handle-l1-1-0.dll
0x0000022a9def0000 - 0x0000022a9def3000 	C:\Users\pavlo\.openjfx\cache\21-ea+null\amd64\api-ms-win-core-heap-l1-1-0.dll
0x0000022a9df00000 - 0x0000022a9df03000 	C:\Users\pavlo\.openjfx\cache\21-ea+null\amd64\api-ms-win-core-interlocked-l1-1-0.dll
0x0000022a9df10000 - 0x0000022a9df13000 	C:\Users\pavlo\.openjfx\cache\21-ea+null\amd64\api-ms-win-core-libraryloader-l1-1-0.dll
0x0000022a9df20000 - 0x0000022a9df23000 	C:\Users\pavlo\.openjfx\cache\21-ea+null\amd64\api-ms-win-core-localization-l1-2-0.dll
0x0000022a9df30000 - 0x0000022a9df33000 	C:\Users\pavlo\.openjfx\cache\21-ea+null\amd64\api-ms-win-core-memory-l1-1-0.dll
0x0000022a9df40000 - 0x0000022a9df43000 	C:\Users\pavlo\.openjfx\cache\21-ea+null\amd64\api-ms-win-core-namedpipe-l1-1-0.dll
0x0000022a9df50000 - 0x0000022a9df53000 	C:\Users\pavlo\.openjfx\cache\21-ea+null\amd64\api-ms-win-core-processenvironment-l1-1-0.dll
0x0000022a9df60000 - 0x0000022a9df63000 	C:\Users\pavlo\.openjfx\cache\21-ea+null\amd64\api-ms-win-core-processthreads-l1-1-0.dll
0x0000022a9df70000 - 0x0000022a9df73000 	C:\Users\pavlo\.openjfx\cache\21-ea+null\amd64\api-ms-win-core-processthreads-l1-1-1.dll
0x0000022a9df80000 - 0x0000022a9df83000 	C:\Users\pavlo\.openjfx\cache\21-ea+null\amd64\api-ms-win-core-profile-l1-1-0.dll
0x0000022a9df90000 - 0x0000022a9df93000 	C:\Users\pavlo\.openjfx\cache\21-ea+null\amd64\api-ms-win-core-rtlsupport-l1-1-0.dll
0x0000022a9dfa0000 - 0x0000022a9dfa3000 	C:\Users\pavlo\.openjfx\cache\21-ea+null\amd64\api-ms-win-core-string-l1-1-0.dll
0x0000022a9dfb0000 - 0x0000022a9dfb3000 	C:\Users\pavlo\.openjfx\cache\21-ea+null\amd64\api-ms-win-core-synch-l1-1-0.dll
0x0000022a9dfc0000 - 0x0000022a9dfc3000 	C:\Users\pavlo\.openjfx\cache\21-ea+null\amd64\api-ms-win-core-synch-l1-2-0.dll
0x0000022a9dfd0000 - 0x0000022a9dfd3000 	C:\Users\pavlo\.openjfx\cache\21-ea+null\amd64\api-ms-win-core-sysinfo-l1-1-0.dll
0x0000022a9dfe0000 - 0x0000022a9dfe3000 	C:\Users\pavlo\.openjfx\cache\21-ea+null\amd64\api-ms-win-core-timezone-l1-1-0.dll
0x0000022a9dff0000 - 0x0000022a9dff3000 	C:\Users\pavlo\.openjfx\cache\21-ea+null\amd64\api-ms-win-core-util-l1-1-0.dll
0x0000022ae47d0000 - 0x0000022ae47d3000 	C:\Users\pavlo\.openjfx\cache\21-ea+null\amd64\api-ms-win-crt-conio-l1-1-0.dll
0x0000022ae47e0000 - 0x0000022ae47e4000 	C:\Users\pavlo\.openjfx\cache\21-ea+null\amd64\api-ms-win-crt-convert-l1-1-0.dll
0x0000022ae47f0000 - 0x0000022ae47f3000 	C:\Users\pavlo\.openjfx\cache\21-ea+null\amd64\api-ms-win-crt-environment-l1-1-0.dll
0x0000022ae4800000 - 0x0000022ae4803000 	C:\Users\pavlo\.openjfx\cache\21-ea+null\amd64\api-ms-win-crt-filesystem-l1-1-0.dll
0x0000022ae4810000 - 0x0000022ae4813000 	C:\Users\pavlo\.openjfx\cache\21-ea+null\amd64\api-ms-win-crt-heap-l1-1-0.dll
0x0000022ae4820000 - 0x0000022ae4823000 	C:\Users\pavlo\.openjfx\cache\21-ea+null\amd64\api-ms-win-crt-locale-l1-1-0.dll
0x0000022ae4830000 - 0x0000022ae4835000 	C:\Users\pavlo\.openjfx\cache\21-ea+null\amd64\api-ms-win-crt-math-l1-1-0.dll
0x0000022ae4840000 - 0x0000022ae4845000 	C:\Users\pavlo\.openjfx\cache\21-ea+null\amd64\api-ms-win-crt-multibyte-l1-1-0.dll
0x0000022ae4850000 - 0x0000022ae4860000 	C:\Users\pavlo\.openjfx\cache\21-ea+null\amd64\api-ms-win-crt-private-l1-1-0.dll
0x0000022ae4860000 - 0x0000022ae4863000 	C:\Users\pavlo\.openjfx\cache\21-ea+null\amd64\api-ms-win-crt-process-l1-1-0.dll
0x0000022ae4870000 - 0x0000022ae4874000 	C:\Users\pavlo\.openjfx\cache\21-ea+null\amd64\api-ms-win-crt-runtime-l1-1-0.dll
0x0000022ae4880000 - 0x0000022ae4884000 	C:\Users\pavlo\.openjfx\cache\21-ea+null\amd64\api-ms-win-crt-stdio-l1-1-0.dll
0x0000022ae4890000 - 0x0000022ae4894000 	C:\Users\pavlo\.openjfx\cache\21-ea+null\amd64\api-ms-win-crt-string-l1-1-0.dll
0x0000022ae48a0000 - 0x0000022ae48a3000 	C:\Users\pavlo\.openjfx\cache\21-ea+null\amd64\api-ms-win-crt-time-l1-1-0.dll
0x0000022ae48b0000 - 0x0000022ae48b3000 	C:\Users\pavlo\.openjfx\cache\21-ea+null\amd64\api-ms-win-crt-utility-l1-1-0.dll
0x00007ff8af020000 - 0x00007ff8af11c000 	C:\Users\pavlo\.openjfx\cache\21-ea+null\amd64\ucrtbase.dll
0x00007ff8bf510000 - 0x00007ff8bf52b000 	C:\Users\pavlo\.openjfx\cache\21-ea+null\amd64\vcruntime140.dll
0x00007ff8bf500000 - 0x00007ff8bf50c000 	C:\Users\pavlo\.openjfx\cache\21-ea+null\amd64\vcruntime140_1.dll
0x00007ff8b0540000 - 0x00007ff8b05ce000 	C:\Users\pavlo\.openjfx\cache\21-ea+null\amd64\msvcp140.dll
0x00007ff8c6b70000 - 0x00007ff8c6d0f000 	C:\WINDOWS\System32\ole32.dll
0x00007ff8bf4f0000 - 0x00007ff8bf4f9000 	C:\Users\pavlo\.openjfx\cache\21-ea+null\amd64\msvcp140_1.dll
0x00007ff8bd7d0000 - 0x00007ff8bd7ff000 	C:\Users\pavlo\.openjfx\cache\21-ea+null\amd64\msvcp140_2.dll
0x00007ff8b0510000 - 0x00007ff8b053f000 	C:\Users\pavlo\.openjfx\cache\21-ea+null\amd64\prism_d3d.dll
0x00007ff8796b0000 - 0x00007ff879859000 	C:\WINDOWS\system32\d3d9.dll
0x00007ff8c2880000 - 0x00007ff8c28ab000 	C:\WINDOWS\SYSTEM32\dwmapi.dll
0x00007ff8c2710000 - 0x00007ff8c2746000 	C:\WINDOWS\SYSTEM32\dxcore.dll
0x00007ff8c2620000 - 0x00007ff8c26cb000 	C:\WINDOWS\system32\uxtheme.dll
0x00007ff8bce30000 - 0x00007ff8bcfeb000 	C:\WINDOWS\System32\DriverStore\FileRepository\u0387389.inf_amd64_995be970e30b8c79\B385477\aticfx64.dll
0x00007ff8b0400000 - 0x00007ff8b0434000 	C:\WINDOWS\System32\DriverStore\FileRepository\u0387389.inf_amd64_995be970e30b8c79\B385477\atiu9p64.dll
0x00007ff887f90000 - 0x00007ff888ce5000 	C:\WINDOWS\System32\DriverStore\FileRepository\u0387389.inf_amd64_995be970e30b8c79\B385477\atiumd64.dll
0x000000005dae0000 - 0x000000005ea07000 	C:\WINDOWS\System32\DriverStore\FileRepository\u0387389.inf_amd64_995be970e30b8c79\B385477\atiumd6a.dll
0x00007ff8c66f0000 - 0x00007ff8c6b64000 	C:\WINDOWS\System32\SETUPAPI.dll
0x00007ff8bbd20000 - 0x00007ff8bbd55000 	C:\WINDOWS\SYSTEM32\amdihk64.dll
0x00007ff8bf940000 - 0x00007ff8bf98a000 	C:\WINDOWS\SYSTEM32\directxdatabasehelper.dll
0x00007ff8b03b0000 - 0x00007ff8b03f2000 	C:\Users\pavlo\.openjfx\cache\21-ea+null\amd64\glass.dll
0x00007ff8c76c0000 - 0x00007ff8c77b9000 	C:\WINDOWS\System32\COMDLG32.dll
0x00007ff8c6f10000 - 0x00007ff8c705c000 	C:\WINDOWS\System32\MSCTF.dll
0x00007ff8bd8c0000 - 0x00007ff8bd8d4000 	C:\Users\pavlo\.openjfx\cache\21-ea+null\amd64\javafx_font.dll
0x00007ff8c0f20000 - 0x00007ff8c1193000 	C:\WINDOWS\SYSTEM32\dwrite.dll
0x00007ff8c6d10000 - 0x00007ff8c6dc0000 	C:\WINDOWS\System32\clbcatq.dll
0x00007ff8c0d70000 - 0x00007ff8c0f20000 	C:\WINDOWS\SYSTEM32\WindowsCodecs.dll
0x00007ff8a51f0000 - 0x00007ff8a524e000 	C:\WINDOWS\system32\dataexchange.dll
0x00007ff8bc560000 - 0x00007ff8bc7e5000 	C:\WINDOWS\system32\twinapi.appcore.dll
0x00007ff8b01a0000 - 0x00007ff8b01d2000 	C:\Program Files\Common Files\Microsoft Shared\Ink\rtscom.dll
0x00007ff8ae740000 - 0x00007ff8ae88a000 	C:\WINDOWS\SYSTEM32\textinputframework.dll
0x00007ff8c2180000 - 0x00007ff8c22b3000 	C:\WINDOWS\SYSTEM32\CoreMessaging.dll
0x00007ff8be4f0000 - 0x00007ff8be85c000 	C:\WINDOWS\SYSTEM32\CoreUIComponents.dll
0x00007ff8c4870000 - 0x00007ff8c487c000 	C:\WINDOWS\SYSTEM32\CRYPTBASE.DLL
0x00007ff8c3c00000 - 0x00007ff8c3cf9000 	C:\WINDOWS\SYSTEM32\DNSAPI.dll
0x00007ff8c3b90000 - 0x00007ff8c3bbd000 	C:\WINDOWS\SYSTEM32\IPHLPAPI.DLL
0x00007ff8c7130000 - 0x00007ff8c7139000 	C:\WINDOWS\System32\NSI.dll
0x00007ff8bedc0000 - 0x00007ff8bedca000 	C:\Windows\System32\rasadhlp.dll
0x00007ff8bd100000 - 0x00007ff8bd184000 	C:\WINDOWS\System32\fwpuclnt.dll
0x00007ff8c4850000 - 0x00007ff8c486b000 	C:\WINDOWS\SYSTEM32\CRYPTSP.dll

dbghelp: loaded successfully - version: 4.0.5 - missing functions: none
symbol engine: initialized successfully - sym options: 0x614 - pdb path: .;C:\Users\pavlo\.jdks\openjdk-21\bin;C:\WINDOWS\SYSTEM32;C:\WINDOWS\WinSxS\amd64_microsoft.windows.common-controls_6595b64144ccf1df_6.0.22621.2361_none_2712ced57382f843;C:\Users\pavlo\.jdks\openjdk-21\bin\server;C:\Program Files\JetBrains\IntelliJ IDEA 2023.2.2\bin;C:\Users\pavlo\.openjfx\cache\21-ea+null\amd64;C:\WINDOWS\System32\DriverStore\FileRepository\u0387389.inf_amd64_995be970e30b8c79\B385477;C:\Program Files\Common Files\Microsoft Shared\Ink

VM Arguments:
jvm_args: -javaagent:C:\Program Files\JetBrains\IntelliJ IDEA 2023.2.2\lib\idea_rt.jar=55967:C:\Program Files\JetBrains\IntelliJ IDEA 2023.2.2\bin -Dfile.encoding=UTF-8 -Dsun.stdout.encoding=UTF-8 -Dsun.stderr.encoding=UTF-8 --module-path=C:\Users\pavlo\.m2\repository\org\openjfx\javafx-controls\21-ea+24\javafx-controls-21-ea+24-win.jar;C:\Users\pavlo\OneDrive\Робочий стіл\3 курс\Людино-машина взаємодія\JavaFxProject-master\target\classes;C:\Users\pavlo\.m2\repository\org\kordamp\bootstrapfx\bootstrapfx-core\0.4.0\bootstrapfx-core-0.4.0.jar;C:\Users\pavlo\.m2\repository\org\openjfx\javafx-fxml\21-ea+24\javafx-fxml-21-ea+24-win.jar;C:\Users\pavlo\.m2\repository\com\dlsc\formsfx\formsfx-core\11.6.0\formsfx-core-11.6.0.jar;C:\Users\pavlo\.m2\repository\org\openjfx\javafx-graphics\21-ea+24\javafx-graphics-21-ea+24-win.jar;C:\Users\pavlo\.m2\repository\org\openjfx\javafx-base\21-ea+24\javafx-base-21-ea+24-win.jar -Djdk.module.main=com.example.learnenglish 
java_command: com.example.learnenglish/com.example.learnenglish.HelloApplication
java_class_path (initial): C:\Users\pavlo\.m2\repository\org\openjfx\javafx-controls\21-ea+24\javafx-controls-21-ea+24.jar;C:\Users\pavlo\.m2\repository\org\openjfx\javafx-graphics\21-ea+24\javafx-graphics-21-ea+24.jar;C:\Users\pavlo\.m2\repository\org\openjfx\javafx-base\21-ea+24\javafx-base-21-ea+24.jar;C:\Users\pavlo\.m2\repository\org\openjfx\javafx-fxml\21-ea+24\javafx-fxml-21-ea+24.jar;C:\Users\pavlo\.m2\repository\com\mysql\mysql-connector-j\8.2.0\mysql-connector-j-8.2.0.jar;C:\Users\pavlo\.m2\repository\com\google\protobuf\protobuf-java\3.21.9\protobuf-java-3.21.9.jar
Launcher Type: SUN_STANDARD

[Global flags]
     intx CICompilerCount                          = 4                                         {product} {ergonomic}
     uint ConcGCThreads                            = 3                                         {product} {ergonomic}
     uint G1ConcRefinementThreads                  = 10                                        {product} {ergonomic}
   size_t G1HeapRegionSize                         = 2097152                                   {product} {ergonomic}
    uintx GCDrainStackTargetSize                   = 64                                        {product} {ergonomic}
   size_t InitialHeapSize                          = 257949696                                 {product} {ergonomic}
   size_t MarkStackSize                            = 4194304                                   {product} {ergonomic}
   size_t MaxHeapSize                              = 4114612224                                {product} {ergonomic}
   size_t MaxNewSize                               = 2468347904                                {product} {ergonomic}
   size_t MinHeapDeltaBytes                        = 2097152                                   {product} {ergonomic}
   size_t MinHeapSize                              = 8388608                                   {product} {ergonomic}
    uintx NonNMethodCodeHeapSize                   = 5839372                                {pd product} {ergonomic}
    uintx NonProfiledCodeHeapSize                  = 122909434                              {pd product} {ergonomic}
    uintx ProfiledCodeHeapSize                     = 122909434                              {pd product} {ergonomic}
    uintx ReservedCodeCacheSize                    = 251658240                              {pd product} {ergonomic}
     bool SegmentedCodeCache                       = true                                      {product} {ergonomic}
   size_t SoftMaxHeapSize                          = 4114612224                             {manageable} {ergonomic}
     bool UseCompressedOops                        = true                           {product lp64_product} {ergonomic}
     bool UseG1GC                                  = true                                      {product} {ergonomic}
     bool UseLargePagesIndividualAllocation        = false                                  {pd product} {ergonomic}

Logging:
Log output configuration:
 #0: stdout all=off uptime,level,tags foldmultilines=false
 #1: stderr all=off uptime,level,tags foldmultilines=false

Environment Variables:
JAVA_HOME=C:\Program Files\Java\jdk-17.0.3.1
PATH=C:\watcom-1.3\binnt;C:\watcom-1.3\binw;C:\Program Files\Java\jdk-17.0.3.1\bin;C:\WINDOWS\system32;C:\WINDOWS;C:\WINDOWS\System32\Wbem;C:\WINDOWS\System32\WindowsPowerShell\v1.0\;C:\WINDOWS\System32\OpenSSH\;C:\Program Files\Git\cmd;C:\Program Files\nodejs\;C:\HashiCorp\Vagrant\bin;C:\Users\pavlo\AppData\Local\Programs\Python\Python310\Scripts\;C:\Users\pavlo\AppData\Local\Programs\Python\Python310\;C:\Users\pavlo\AppData\Local\Microsoft\WindowsApps;;C:\Program Files\JetBrains\IntelliJ IDEA 2022.2.2\bin;;C:\Program Files\JetBrains\WebStorm 2023.2.1\bin;;C:\Users\pavlo\AppData\Roaming\npm;C:\Users\pavlo\AppData\Local\Programs\Microsoft VS Code\bin
USERNAME=pavlo
OS=Windows_NT
PROCESSOR_IDENTIFIER=AMD64 Family 23 Model 104 Stepping 1, AuthenticAMD
TMP=C:\Users\pavlo\AppData\Local\Temp
TEMP=C:\Users\pavlo\AppData\Local\Temp




---------------  S Y S T E M  ---------------

OS:
 Windows 11 , 64 bit Build 22621 (10.0.22621.2428)
OS uptime: 1 days 2:49 hours

CPU: total 12 (initial active 12) (12 cores per cpu, 2 threads per core) family 23 model 104 stepping 1 microcode 0x0, cx8, cmov, fxsr, ht, mmx, 3dnowpref, sse, sse2, sse3, ssse3, sse4a, sse4.1, sse4.2, popcnt, lzcnt, tsc, tscinvbit, avx, avx2, aes, clmul, bmi1, bmi2, adx, sha, fma, vzeroupper, clflush, clflushopt, rdtscp, rdpid, f16c
Processor Information for processor 0
  Max Mhz: 2100, Current Mhz: 1813, Mhz Limit: 2100
Processor Information for processor 1
  Max Mhz: 2100, Current Mhz: 2100, Mhz Limit: 2100
Processor Information for processor 2
  Max Mhz: 2100, Current Mhz: 1813, Mhz Limit: 2100
Processor Information for processor 3
  Max Mhz: 2100, Current Mhz: 2100, Mhz Limit: 2100
Processor Information for processor 4
  Max Mhz: 2100, Current Mhz: 1813, Mhz Limit: 2100
Processor Information for processor 5
  Max Mhz: 2100, Current Mhz: 2100, Mhz Limit: 2100
Processor Information for processor 6
  Max Mhz: 2100, Current Mhz: 1813, Mhz Limit: 2100
Processor Information for processor 7
  Max Mhz: 2100, Current Mhz: 1813, Mhz Limit: 2100
Processor Information for processor 8
  Max Mhz: 2100, Current Mhz: 1813, Mhz Limit: 2100
Processor Information for processor 9
  Max Mhz: 2100, Current Mhz: 1813, Mhz Limit: 2100
Processor Information for processor 10
  Max Mhz: 2100, Current Mhz: 1813, Mhz Limit: 2100
Processor Information for processor 11
  Max Mhz: 2100, Current Mhz: 1813, Mhz Limit: 2100

Memory: 4k page, system-wide physical 15693M (8764M free)
TotalPageFile size 18125M (AvailPageFile size 7666M)
current process WorkingSet (physical memory assigned to process): 125M, peak: 158M
current process commit charge ("private bytes"): 223M, peak: 429M

vm_info: OpenJDK 64-Bit Server VM (21+35-2513) for windows-amd64 JRE (21+35-2513), built on 2023-08-09T20:25:10Z by "mach5one" with MS VC++ 17.1 (VS2022)

END.
