#
# A fatal error has been detected by the Java Runtime Environment:
#
#  EXCEPTION_ACCESS_VIOLATION (0xc0000005) at pc=0x00007ff85c3f6587, pid=988, tid=14476
#
# JRE version: OpenJDK Runtime Environment (21.0+35) (build 21+35-2513)
# Java VM: OpenJDK 64-Bit Server VM (21+35-2513, mixed mode, sharing, tiered, compressed oops, compressed class ptrs, g1 gc, windows-amd64)
# Problematic frame:
# C  [glass.dll+0x26587]
#
# No core dump will be written. Minidumps are not enabled by default on client versions of Windows
#
# If you would like to submit a bug report, please visit:
#   https://bugreport.java.com/bugreport/crash.jsp
#

---------------  S U M M A R Y ------------

Command Line: -javaagent:C:\Program Files\JetBrains\IntelliJ IDEA 2023.2.2\lib\idea_rt.jar=54502:C:\Program Files\JetBrains\IntelliJ IDEA 2023.2.2\bin -Dfile.encoding=UTF-8 -Dsun.stdout.encoding=UTF-8 -Dsun.stderr.encoding=UTF-8 --module-path=C:\Users\pavlo\.m2\repository\org\openjfx\javafx-controls\21-ea+24\javafx-controls-21-ea+24-win.jar;C:\Users\pavlo\.m2\repository\org\kordamp\bootstrapfx\bootstrapfx-core\0.4.0\bootstrapfx-core-0.4.0.jar;C:\Users\pavlo\.m2\repository\org\openjfx\javafx-fxml\21-ea+24\javafx-fxml-21-ea+24-win.jar;C:\Users\pavlo\OneDrive\Робочий стіл\3 курс\Людино-машина взаємодія\LearnEnglish\target\classes;C:\Users\pavlo\.m2\repository\org\openjfx\javafx-base\21-ea+24\javafx-base-21-ea+24-win.jar;C:\Users\pavlo\.m2\repository\com\dlsc\formsfx\formsfx-core\11.6.0\formsfx-core-11.6.0.jar;C:\Users\pavlo\.m2\repository\org\openjfx\javafx-graphics\21-ea+24\javafx-graphics-21-ea+24-win.jar -Djdk.module.main=com.example.learnenglish com.example.learnenglish/com.example.learnenglish.HelloApplication

Host: AMD Ryzen 5 5500U with Radeon Graphics         , 12 cores, 15G,  Windows 11 , 64 bit Build 22621 (10.0.22621.2428)
Time: Fri Nov 10 23:08:01 2023  Windows 11 , 64 bit Build 22621 (10.0.22621.2428) elapsed time: 213.021305 seconds (0d 0h 3m 33s)

---------------  T H R E A D  ---------------

Current thread (0x0000019afb022570):  VMThread "VM Thread"          [id=14476, stack(0x0000003624c00000,0x0000003624d00000) (1024K)]

Stack: [0x0000003624c00000,0x0000003624d00000],  sp=0x0000003624cfeec0,  free space=1019k
Native frames: (J=compiled Java code, j=interpreted, Vv=VM code, C=native code)
C  [glass.dll+0x26587]


siginfo: EXCEPTION_ACCESS_VIOLATION (0xc0000005), reading address 0x0000000000000000


Registers:
RAX=0x0000000000000000, RBX=0x0000019afb02c02a, RCX=0x0000019afb022570, RDX=0x0000003624cfeec0
RSP=0x0000003624cfeec0, RBP=0x0000019ad4d0a808, RSI=0x0000003624cfefc8, RDI=0x0000019ad4d0a7e0
R8 =0x0000000000010002, R9 =0x0000019ad4d0a7e0, R10=0x85f13e9656da4870, R11=0x0000003624cfee50
R12=0x00007ff85c3f3ed0, R13=0x00007ff86b97fe60, R14=0x0000047ec8657031, R15=0x0000019ad4d0a7e0
RIP=0x00007ff85c3f6587, EFLAGS=0x0000000000010206


Register to memory mapping:

RAX=0x0 is null
RBX=0x0000019afb02c02a is a global jni handle
RCX=0x0000019afb022570 points into unknown readable memory: 0x00007ff86b792a18 | 18 2a 79 6b f8 7f 00 00
RDX=0x0000003624cfeec0 points into unknown readable memory: 0x0000000000000000 | 00 00 00 00 00 00 00 00
RSP=0x0000003624cfeec0 points into unknown readable memory: 0x0000000000000000 | 00 00 00 00 00 00 00 00
RBP=0x0000019ad4d0a808 points into unknown readable memory: 0x0000047ec8657031 | 31 70 65 c8 7e 04 00 00
RSI=0x0000003624cfefc8 points into unknown readable memory: 0x0000003624cfefb0 | b0 ef cf 24 36 00 00 00
RDI=0x0000019ad4d0a7e0 points into unknown readable memory: 0x73d0047e3795c84f | 4f c8 95 37 7e 04 d0 73
R8 =0x0000000000010002 is an unknown value
R9 =0x0000019ad4d0a7e0 points into unknown readable memory: 0x73d0047e3795c84f | 4f c8 95 37 7e 04 d0 73
R10=0x85f13e9656da4870 is an unknown value
R11=0x0000003624cfee50 points into unknown readable memory: 0x0000019ad4d0a7e0 | e0 a7 d0 d4 9a 01 00 00
R12=0x00007ff85c3f3ed0 glass.dll
R13=0x00007ff86b97fe60 jvm.dll
R14=0x0000047ec8657031 is an unknown value
R15=0x0000019ad4d0a7e0 points into unknown readable memory: 0x73d0047e3795c84f | 4f c8 95 37 7e 04 d0 73

Top of Stack: (sp=0x0000003624cfeec0)
0x0000003624cfeec0:   0000000000000000 0000003624cfefc8
0x0000003624cfeed0:   00007ff86b97fe60 00007ff85c3f3ed0
0x0000003624cfeee0:   0000019ad4d0a7e8 00007ff8c5943a83
0x0000003624cfeef0:   0000019ad4d0a7e0 0000019a00000000
0x0000003624cfef00:   0000019ad4d0a808 0000003624cfefc8
0x0000003624cfef10:   fffffffffffffffe 0000000000000000
0x0000003624cfef20:   0000000000000001 00007ff85c3d0000
0x0000003624cfef30:   0000003624cfefb8 00007ff8c591006e
0x0000003624cfef40:   0000000000000000 0000003624cfefc8
0x0000003624cfef50:   0000003624cff2b0 0000000000000001
0x0000003624cfef60:   0000000000000001 00007ff8c590da1d
0x0000003624cfef70:   0000000000000000 00007ff85c3f36c9
0x0000003624cfef80:   00007ff8c0f05ed0 0000003624cfefb8
0x0000003624cfef90:   fffffffffffffffe 0000003624cfef80
0x0000003624cfefa0:   0000000000000000 00007ff85c3f3d5d
0x0000003624cfefb0:   00007ff85c40a008 00007ff800000002
0x0000003624cfefc0:   0000000000000002 0000003624cfefb0
0x0000003624cfefd0:   0000000000000000 00007ff8c7d785f3
0x0000003624cfefe0:   0000000000000000 00007ff85c3f3e82
0x0000003624cfeff0:   0000000000000001 0000000000000001
0x0000003624cff000:   0000000000000000 0000000000000001
0x0000003624cff010:   0000019ae8c50c08 00007ff8c4872223
0x0000003624cff020:   0000019a00000001 0000000000000016
0x0000003624cff030:   00007ff85c3d0000 000000007ffe0384
0x0000003624cff040:   0000000000000000 00007ff8c7d7868f
0x0000003624cff050:   00007ff85c3d0000 0000000000000000
0x0000003624cff060:   0000000000000001 000000007ffe0385
0x0000003624cff070:   0000000000000000 00007ff8c7da12d9
0x0000003624cff080:   000082ddc11fc800 0000000000000014
0x0000003624cff090:   00007ff85c3f3ed0 0000000000000000
0x0000003624cff0a0:   0000000000000000 00000036240a5000
0x0000003624cff0b0:   0000019ad4c84120 00007ff8c7da1096 

Instructions: (pc=0x00007ff85c3f6587)
0x00007ff85c3f6487:   8b 4d 58 e8 8d cf ff ff 48 8b 4d 60 e8 84 cf ff
0x00007ff85c3f6497:   ff 48 8b 95 80 00 00 00 48 8b 8d 18 01 00 00 e8
0x00007ff85c3f64a7:   76 c4 ff ff 33 d2 33 c9 e8 cc e1 ff ff 90 48 89
0x00007ff85c3f64b7:   54 24 10 55 48 83 ec 20 48 8b ea 48 b8 00 00 00
0x00007ff85c3f64c7:   00 00 00 00 00 48 83 c4 20 5d c3 cc 40 55 48 8b
0x00007ff85c3f64d7:   ea 48 8b 01 33 c9 81 38 05 00 00 c0 0f 94 c1 8b
0x00007ff85c3f64e7:   c1 5d c3 cc 40 55 48 83 ec 20 48 8b ea 8a 4d 40
0x00007ff85c3f64f7:   48 83 c4 20 5d e9 73 d3 ff ff cc 40 55 48 83 ec
0x00007ff85c3f6507:   20 48 8b ea 8a 4d 20 e8 61 d3 ff ff 90 48 83 c4
0x00007ff85c3f6517:   20 5d c3 cc 40 55 48 83 ec 20 48 8b ea 48 83 c4
0x00007ff85c3f6527:   20 5d e9 c2 d1 ff ff cc 40 55 48 83 ec 30 48 8b
0x00007ff85c3f6537:   ea 48 8b 01 8b 10 48 89 4c 24 28 89 54 24 20 4c
0x00007ff85c3f6547:   8d 0d 63 d6 ff ff 4c 8b 45 70 8b 55 68 48 8b 4d
0x00007ff85c3f6557:   60 e8 03 d1 ff ff 90 48 83 c4 30 5d c3 cc cc cc
0x00007ff85c3f6567:   cc cc cc cc cc cc cc cc cc 40 53 48 83 ec 20 48
0x00007ff85c3f6577:   8b 1d 8b 34 01 00 48 85 db 74 16 e8 89 8f ff ff
0x00007ff85c3f6587:   4c 8b 00 48 8b d3 48 8b c8 41 ff 90 b0 00 00 00
0x00007ff85c3f6597:   90 48 83 c4 20 5b c3 cc cc 40 53 48 83 ec 20 48
0x00007ff85c3f65a7:   8b 1d fb 35 01 00 48 85 db 74 57 b8 ff ff ff ff
0x00007ff85c3f65b7:   f0 0f c1 43 10 83 f8 01 75 3d 48 85 db 74 38 48
0x00007ff85c3f65c7:   8b 0b 48 85 c9 74 0d ff 15 d4 0c 00 00 48 c7 03
0x00007ff85c3f65d7:   00 00 00 00 48 8b 4b 08 48 85 c9 74 0d e8 33 ce
0x00007ff85c3f65e7:   ff ff 48 c7 43 08 00 00 00 00 ba 18 00 00 00 48
0x00007ff85c3f65f7:   8b cb e8 1e ce ff ff 48 c7 05 9f 35 01 00 00 00
0x00007ff85c3f6607:   00 00 48 83 c4 20 5b c3 cc 40 53 48 83 ec 20 48
0x00007ff85c3f6617:   8b 1d 6b 35 01 00 48 85 db 74 57 b8 ff ff ff ff
0x00007ff85c3f6627:   f0 0f c1 43 10 83 f8 01 75 3d 48 85 db 74 38 48
0x00007ff85c3f6637:   8b 0b 48 85 c9 74 0d ff 15 64 0c 00 00 48 c7 03
0x00007ff85c3f6647:   00 00 00 00 48 8b 4b 08 48 85 c9 74 0d e8 c3 cd
0x00007ff85c3f6657:   ff ff 48 c7 43 08 00 00 00 00 ba 18 00 00 00 48
0x00007ff85c3f6667:   8b cb e8 ae cd ff ff 48 c7 05 0f 35 01 00 00 00
0x00007ff85c3f6677:   00 00 48 83 c4 20 5b c3 cc 40 53 48 83 ec 20 48 


Stack slot to memory mapping:

stack at sp + 0 slots: 0x0 is null
stack at sp + 1 slots: 0x0000003624cfefc8 points into unknown readable memory: 0x0000003624cfefb0 | b0 ef cf 24 36 00 00 00
stack at sp + 2 slots: 0x00007ff86b97fe60 jvm.dll
stack at sp + 3 slots: 0x00007ff85c3f3ed0 glass.dll
stack at sp + 4 slots: 0x0000019ad4d0a7e8 points into unknown readable memory: 0x0000047ec8657031 | 31 70 65 c8 7e 04 00 00
stack at sp + 5 slots: 0x00007ff8c5943a83 ucrtbase.dll
stack at sp + 6 slots: 0x0000019ad4d0a7e0 points into unknown readable memory: 0x73d0047e3795c84f | 4f c8 95 37 7e 04 d0 73
stack at sp + 7 slots: 0x0000019a00000000 is an unknown value

VM_Operation (0x00000036242ff270): Exit, mode: safepoint, requested by thread 0x0000019ad5b7be70


---------------  P R O C E S S  ---------------

Threads class SMR info:
_java_thread_list=0x0000019ad56c1380, length=19, elements={
0x0000019aead82960, 0x0000019afb03f610, 0x0000019afb040330, 0x0000019afb044750,
0x0000019afb045360, 0x0000019afb04f140, 0x0000019afb073590, 0x0000019afb075040,
0x0000019ad4206df0, 0x0000019ad4836f80, 0x0000019ad4282980, 0x0000019ad4b20210,
0x0000019ad4e079e0, 0x0000019ad4d00760, 0x0000019ad4e81f70, 0x0000019ad4ef4810,
0x0000019ad5b7d8b0, 0x0000019ad5b7e5d0, 0x0000019ad5b7be70
}

Java Threads: ( => current thread )
  0x0000019aead82960 JavaThread "main"                              [_thread_blocked, id=4868, stack(0x0000003624500000,0x0000003624600000) (1024K)]
  0x0000019afb03f610 JavaThread "Reference Handler"          daemon [_thread_blocked, id=9048, stack(0x0000003624d00000,0x0000003624e00000) (1024K)]
  0x0000019afb040330 JavaThread "Finalizer"                  daemon [_thread_blocked, id=4856, stack(0x0000003624e00000,0x0000003624f00000) (1024K)]
  0x0000019afb044750 JavaThread "Attach Listener"            daemon [_thread_blocked, id=4980, stack(0x0000003625000000,0x0000003625100000) (1024K)]
  0x0000019afb045360 JavaThread "Service Thread"             daemon [_thread_blocked, id=10188, stack(0x0000003625100000,0x0000003625200000) (1024K)]
  0x0000019afb04f140 JavaThread "Monitor Deflation Thread"   daemon [_thread_blocked, id=1100, stack(0x0000003625200000,0x0000003625300000) (1024K)]
  0x0000019afb073590 JavaThread "C2 CompilerThread0"         daemon [_thread_blocked, id=8328, stack(0x0000003625300000,0x0000003625400000) (1024K)]
  0x0000019afb075040 JavaThread "C1 CompilerThread0"         daemon [_thread_blocked, id=4144, stack(0x0000003625400000,0x0000003625500000) (1024K)]
  0x0000019ad4206df0 JavaThread "Common-Cleaner"             daemon [_thread_blocked, id=10172, stack(0x0000003625500000,0x0000003625600000) (1024K)]
  0x0000019ad4836f80 JavaThread "Monitor Ctrl-Break"         daemon [_thread_in_native, id=1800, stack(0x0000003625800000,0x0000003625900000) (1024K)]
  0x0000019ad4282980 JavaThread "Notification Thread"        daemon [_thread_blocked, id=7800, stack(0x0000003625900000,0x0000003625a00000) (1024K)]
  0x0000019ad4b20210 JavaThread "QuantumRenderer-0"          daemon [_thread_blocked, id=14352, stack(0x0000003625a00000,0x0000003625b00000) (1024K)]
  0x0000019ad4e079e0 JavaThread "InvokeLaterDispatcher"      daemon [_thread_blocked, id=16092, stack(0x0000003625d00000,0x0000003625e00000) (1024K)]
  0x0000019ad4d00760 JavaThread "JavaFX Application Thread"         [_thread_in_native, id=2608, stack(0x0000003625e00000,0x0000003625f00000) (1024K)]
  0x0000019ad4e81f70 JavaThread "JavaFX-Launcher"                   [_thread_blocked, id=15564, stack(0x0000003626800000,0x0000003626900000) (1024K)]
  0x0000019ad4ef4810 JavaThread "Thread-2"                   daemon [_thread_in_native, id=14276, stack(0x0000003626700000,0x0000003626800000) (1024K)]
  0x0000019ad5b7d8b0 JavaThread "Prism Font Disposer"        daemon [_thread_blocked, id=9296, stack(0x0000003626f00000,0x0000003627000000) (1024K)]
  0x0000019ad5b7e5d0 JavaThread "Cleaner-0"                  daemon [_thread_blocked, id=12072, stack(0x0000003627400000,0x0000003627500000) (1024K)]
  0x0000019ad5b7be70 JavaThread "SIGINT handler"             daemon [_thread_blocked, id=4712, stack(0x0000003624200000,0x0000003624300000) (1024K)]
Total: 19

Other Threads:
=>0x0000019afb022570 VMThread "VM Thread"                           [id=14476, stack(0x0000003624c00000,0x0000003624d00000) (1024K)]
  0x0000019aeade9e60 WorkerThread "GC Thread#0"                     [id=15000, stack(0x0000003624600000,0x0000003624700000) (1024K)]
  0x0000019ad4f02ec0 WorkerThread "GC Thread#1"                     [id=12324, stack(0x0000003626900000,0x0000003626a00000) (1024K)]
  0x0000019ad4f03260 WorkerThread "GC Thread#2"                     [id=15176, stack(0x0000003626a00000,0x0000003626b00000) (1024K)]
  0x0000019ad4f03600 WorkerThread "GC Thread#3"                     [id=6484, stack(0x0000003626b00000,0x0000003626c00000) (1024K)]
  0x0000019ad4f039a0 WorkerThread "GC Thread#4"                     [id=5352, stack(0x0000003626c00000,0x0000003626d00000) (1024K)]
  0x0000019ad4eb9690 WorkerThread "GC Thread#5"                     [id=16072, stack(0x0000003626d00000,0x0000003626e00000) (1024K)]
  0x0000019ad56c6c40 WorkerThread "GC Thread#6"                     [id=15628, stack(0x0000003625700000,0x0000003625800000) (1024K)]
  0x0000019ad57c4ff0 WorkerThread "GC Thread#7"                     [id=2744, stack(0x0000003627000000,0x0000003627100000) (1024K)]
  0x0000019ad57c5390 WorkerThread "GC Thread#8"                     [id=6140, stack(0x0000003627100000,0x0000003627200000) (1024K)]
  0x0000019ad57c5f40 WorkerThread "GC Thread#9"                     [id=12116, stack(0x0000003627200000,0x0000003627300000) (1024K)]
  0x0000019aeadfb140 ConcurrentGCThread "G1 Main Marker"            terminated
  0x0000019aeadfbc40 WorkerThread "G1 Conc#0"                       [id=3892, stack(0x0000003624800000,0x0000003624900000) (1024K)]
  0x0000019aeae4e410 ConcurrentGCThread "G1 Refine#0"               terminated
  0x0000019afaedd550 ConcurrentGCThread "G1 Service"                terminated
Total: 15

Threads with active compile tasks:
Total: 0

VM state: at safepoint (shutting down)

VM Mutex/Monitor currently owned by a thread:  ([mutex/lock_event])
[0x00007ff86b958548] Threads_lock - owner thread: 0x0000019afb022570
[0x00007ff86b958648] Heap_lock - owner thread: 0x0000019ad5b7be70

Heap address: 0x000000070ac00000, size: 3924 MB, Compressed Oops mode: Zero based, Oop shift amount: 3

CDS archive(s) mapped at: [0x0000019a8f000000-0x0000019a8fc90000-0x0000019a8fc90000), size 13172736, SharedBaseAddress: 0x0000019a8f000000, ArchiveRelocationMode: 1.
Compressed class space mapped at: 0x0000019a90000000-0x0000019ad0000000, reserved size: 1073741824
Narrow klass base: 0x0000019a8f000000, Narrow klass shift: 0, Narrow klass range: 0x100000000

GC Precious Log:
 CardTable entry size: 512
 Card Set container configuration: InlinePtr #cards 4 size 8 Array Of Cards #cards 16 size 48 Howl #buckets 8 coarsen threshold 3686 Howl Bitmap #cards 512 size 80 coarsen threshold 460 Card regions per heap region 1 cards per card region 4096
 CPUs: 12 total, 12 available
 Memory: 15693M
 Large Page Support: Disabled
 NUMA Support: Disabled
 Compressed Oops: Enabled (Zero based)
 Heap Region Size: 2M
 Heap Min Capacity: 8M
 Heap Initial Capacity: 246M
 Heap Max Capacity: 3924M
 Pre-touch: Disabled
 Parallel Workers: 10
 Concurrent Workers: 3
 Concurrent Refinement Workers: 10
 Periodic GC: Disabled

Heap:
 garbage-first heap   total 251904K, used 23265K [0x000000070ac00000, 0x0000000800000000)
  region size 2048K, 11 young (22528K), 3 survivors (6144K)
 Metaspace       used 15828K, committed 16192K, reserved 1114112K
  class space    used 2321K, committed 2496K, reserved 1048576K

Heap Regions: E=young(eden), S=young(survivor), O=old, HS=humongous(starts), HC=humongous(continues), CS=collection set, F=free, TAMS=top-at-mark-start, PB=parsable bottom
|   0|0x000000070ac00000, 0x000000070acb84f0, 0x000000070ae00000| 35%| O|  |TAMS 0x000000070ac00000| PB 0x000000070ac00000| Untracked 
|   1|0x000000070ae00000, 0x000000070b000000, 0x000000070b000000|100%|HS|  |TAMS 0x000000070ae00000| PB 0x000000070ae00000| Complete 
|   2|0x000000070b000000, 0x000000070b000000, 0x000000070b200000|  0%| F|  |TAMS 0x000000070b000000| PB 0x000000070b000000| Untracked 
|   3|0x000000070b200000, 0x000000070b200000, 0x000000070b400000|  0%| F|  |TAMS 0x000000070b200000| PB 0x000000070b200000| Untracked 
|   4|0x000000070b400000, 0x000000070b400000, 0x000000070b600000|  0%| F|  |TAMS 0x000000070b400000| PB 0x000000070b400000| Untracked 
|   5|0x000000070b600000, 0x000000070b600000, 0x000000070b800000|  0%| F|  |TAMS 0x000000070b600000| PB 0x000000070b600000| Untracked 
|   6|0x000000070b800000, 0x000000070b800000, 0x000000070ba00000|  0%| F|  |TAMS 0x000000070b800000| PB 0x000000070b800000| Untracked 
|   7|0x000000070ba00000, 0x000000070ba00000, 0x000000070bc00000|  0%| F|  |TAMS 0x000000070ba00000| PB 0x000000070ba00000| Untracked 
|   8|0x000000070bc00000, 0x000000070bc00000, 0x000000070be00000|  0%| F|  |TAMS 0x000000070bc00000| PB 0x000000070bc00000| Untracked 
|   9|0x000000070be00000, 0x000000070be00000, 0x000000070c000000|  0%| F|  |TAMS 0x000000070be00000| PB 0x000000070be00000| Untracked 
|  10|0x000000070c000000, 0x000000070c000000, 0x000000070c200000|  0%| F|  |TAMS 0x000000070c000000| PB 0x000000070c000000| Untracked 
|  11|0x000000070c200000, 0x000000070c200000, 0x000000070c400000|  0%| F|  |TAMS 0x000000070c200000| PB 0x000000070c200000| Untracked 
|  12|0x000000070c400000, 0x000000070c400000, 0x000000070c600000|  0%| F|  |TAMS 0x000000070c400000| PB 0x000000070c400000| Untracked 
|  13|0x000000070c600000, 0x000000070c600000, 0x000000070c800000|  0%| F|  |TAMS 0x000000070c600000| PB 0x000000070c600000| Untracked 
|  14|0x000000070c800000, 0x000000070c800000, 0x000000070ca00000|  0%| F|  |TAMS 0x000000070c800000| PB 0x000000070c800000| Untracked 
|  15|0x000000070ca00000, 0x000000070ca00000, 0x000000070cc00000|  0%| F|  |TAMS 0x000000070ca00000| PB 0x000000070ca00000| Untracked 
|  16|0x000000070cc00000, 0x000000070cc00000, 0x000000070ce00000|  0%| F|  |TAMS 0x000000070cc00000| PB 0x000000070cc00000| Untracked 
|  17|0x000000070ce00000, 0x000000070ce00000, 0x000000070d000000|  0%| F|  |TAMS 0x000000070ce00000| PB 0x000000070ce00000| Untracked 
|  18|0x000000070d000000, 0x000000070d000000, 0x000000070d200000|  0%| F|  |TAMS 0x000000070d000000| PB 0x000000070d000000| Untracked 
|  19|0x000000070d200000, 0x000000070d200000, 0x000000070d400000|  0%| F|  |TAMS 0x000000070d200000| PB 0x000000070d200000| Untracked 
|  20|0x000000070d400000, 0x000000070d400000, 0x000000070d600000|  0%| F|  |TAMS 0x000000070d400000| PB 0x000000070d400000| Untracked 
|  21|0x000000070d600000, 0x000000070d600000, 0x000000070d800000|  0%| F|  |TAMS 0x000000070d600000| PB 0x000000070d600000| Untracked 
|  22|0x000000070d800000, 0x000000070d800000, 0x000000070da00000|  0%| F|  |TAMS 0x000000070d800000| PB 0x000000070d800000| Untracked 
|  23|0x000000070da00000, 0x000000070da00000, 0x000000070dc00000|  0%| F|  |TAMS 0x000000070da00000| PB 0x000000070da00000| Untracked 
|  24|0x000000070dc00000, 0x000000070dc00000, 0x000000070de00000|  0%| F|  |TAMS 0x000000070dc00000| PB 0x000000070dc00000| Untracked 
|  25|0x000000070de00000, 0x000000070de00000, 0x000000070e000000|  0%| F|  |TAMS 0x000000070de00000| PB 0x000000070de00000| Untracked 
|  26|0x000000070e000000, 0x000000070e000000, 0x000000070e200000|  0%| F|  |TAMS 0x000000070e000000| PB 0x000000070e000000| Untracked 
|  27|0x000000070e200000, 0x000000070e200000, 0x000000070e400000|  0%| F|  |TAMS 0x000000070e200000| PB 0x000000070e200000| Untracked 
|  28|0x000000070e400000, 0x000000070e400000, 0x000000070e600000|  0%| F|  |TAMS 0x000000070e400000| PB 0x000000070e400000| Untracked 
|  29|0x000000070e600000, 0x000000070e600000, 0x000000070e800000|  0%| F|  |TAMS 0x000000070e600000| PB 0x000000070e600000| Untracked 
|  30|0x000000070e800000, 0x000000070e800000, 0x000000070ea00000|  0%| F|  |TAMS 0x000000070e800000| PB 0x000000070e800000| Untracked 
|  31|0x000000070ea00000, 0x000000070ea00000, 0x000000070ec00000|  0%| F|  |TAMS 0x000000070ea00000| PB 0x000000070ea00000| Untracked 
|  32|0x000000070ec00000, 0x000000070ec00000, 0x000000070ee00000|  0%| F|  |TAMS 0x000000070ec00000| PB 0x000000070ec00000| Untracked 
|  33|0x000000070ee00000, 0x000000070ee00000, 0x000000070f000000|  0%| F|  |TAMS 0x000000070ee00000| PB 0x000000070ee00000| Untracked 
|  34|0x000000070f000000, 0x000000070f000000, 0x000000070f200000|  0%| F|  |TAMS 0x000000070f000000| PB 0x000000070f000000| Untracked 
|  35|0x000000070f200000, 0x000000070f200000, 0x000000070f400000|  0%| F|  |TAMS 0x000000070f200000| PB 0x000000070f200000| Untracked 
|  36|0x000000070f400000, 0x000000070f400000, 0x000000070f600000|  0%| F|  |TAMS 0x000000070f400000| PB 0x000000070f400000| Untracked 
|  37|0x000000070f600000, 0x000000070f600000, 0x000000070f800000|  0%| F|  |TAMS 0x000000070f600000| PB 0x000000070f600000| Untracked 
|  38|0x000000070f800000, 0x000000070f800000, 0x000000070fa00000|  0%| F|  |TAMS 0x000000070f800000| PB 0x000000070f800000| Untracked 
|  39|0x000000070fa00000, 0x000000070fa00000, 0x000000070fc00000|  0%| F|  |TAMS 0x000000070fa00000| PB 0x000000070fa00000| Untracked 
|  40|0x000000070fc00000, 0x000000070fc00000, 0x000000070fe00000|  0%| F|  |TAMS 0x000000070fc00000| PB 0x000000070fc00000| Untracked 
|  41|0x000000070fe00000, 0x000000070fe00000, 0x0000000710000000|  0%| F|  |TAMS 0x000000070fe00000| PB 0x000000070fe00000| Untracked 
|  42|0x0000000710000000, 0x0000000710000000, 0x0000000710200000|  0%| F|  |TAMS 0x0000000710000000| PB 0x0000000710000000| Untracked 
|  43|0x0000000710200000, 0x0000000710200000, 0x0000000710400000|  0%| F|  |TAMS 0x0000000710200000| PB 0x0000000710200000| Untracked 
|  44|0x0000000710400000, 0x0000000710400000, 0x0000000710600000|  0%| F|  |TAMS 0x0000000710400000| PB 0x0000000710400000| Untracked 
|  45|0x0000000710600000, 0x0000000710600000, 0x0000000710800000|  0%| F|  |TAMS 0x0000000710600000| PB 0x0000000710600000| Untracked 
|  46|0x0000000710800000, 0x0000000710800000, 0x0000000710a00000|  0%| F|  |TAMS 0x0000000710800000| PB 0x0000000710800000| Untracked 
|  47|0x0000000710a00000, 0x0000000710a00000, 0x0000000710c00000|  0%| F|  |TAMS 0x0000000710a00000| PB 0x0000000710a00000| Untracked 
|  48|0x0000000710c00000, 0x0000000710c00000, 0x0000000710e00000|  0%| F|  |TAMS 0x0000000710c00000| PB 0x0000000710c00000| Untracked 
|  49|0x0000000710e00000, 0x0000000710e00000, 0x0000000711000000|  0%| F|  |TAMS 0x0000000710e00000| PB 0x0000000710e00000| Untracked 
|  50|0x0000000711000000, 0x0000000711000000, 0x0000000711200000|  0%| F|  |TAMS 0x0000000711000000| PB 0x0000000711000000| Untracked 
|  51|0x0000000711200000, 0x0000000711200000, 0x0000000711400000|  0%| F|  |TAMS 0x0000000711200000| PB 0x0000000711200000| Untracked 
|  52|0x0000000711400000, 0x0000000711400000, 0x0000000711600000|  0%| F|  |TAMS 0x0000000711400000| PB 0x0000000711400000| Untracked 
|  53|0x0000000711600000, 0x0000000711600000, 0x0000000711800000|  0%| F|  |TAMS 0x0000000711600000| PB 0x0000000711600000| Untracked 
|  54|0x0000000711800000, 0x0000000711800000, 0x0000000711a00000|  0%| F|  |TAMS 0x0000000711800000| PB 0x0000000711800000| Untracked 
|  55|0x0000000711a00000, 0x0000000711a00000, 0x0000000711c00000|  0%| F|  |TAMS 0x0000000711a00000| PB 0x0000000711a00000| Untracked 
|  56|0x0000000711c00000, 0x0000000711c00000, 0x0000000711e00000|  0%| F|  |TAMS 0x0000000711c00000| PB 0x0000000711c00000| Untracked 
|  57|0x0000000711e00000, 0x0000000711e00000, 0x0000000712000000|  0%| F|  |TAMS 0x0000000711e00000| PB 0x0000000711e00000| Untracked 
|  58|0x0000000712000000, 0x0000000712000000, 0x0000000712200000|  0%| F|  |TAMS 0x0000000712000000| PB 0x0000000712000000| Untracked 
|  59|0x0000000712200000, 0x0000000712200000, 0x0000000712400000|  0%| F|  |TAMS 0x0000000712200000| PB 0x0000000712200000| Untracked 
|  60|0x0000000712400000, 0x0000000712400000, 0x0000000712600000|  0%| F|  |TAMS 0x0000000712400000| PB 0x0000000712400000| Untracked 
|  61|0x0000000712600000, 0x0000000712600000, 0x0000000712800000|  0%| F|  |TAMS 0x0000000712600000| PB 0x0000000712600000| Untracked 
|  62|0x0000000712800000, 0x0000000712800000, 0x0000000712a00000|  0%| F|  |TAMS 0x0000000712800000| PB 0x0000000712800000| Untracked 
|  63|0x0000000712a00000, 0x0000000712a00000, 0x0000000712c00000|  0%| F|  |TAMS 0x0000000712a00000| PB 0x0000000712a00000| Untracked 
|  64|0x0000000712c00000, 0x0000000712c00000, 0x0000000712e00000|  0%| F|  |TAMS 0x0000000712c00000| PB 0x0000000712c00000| Untracked 
|  65|0x0000000712e00000, 0x0000000712e00000, 0x0000000713000000|  0%| F|  |TAMS 0x0000000712e00000| PB 0x0000000712e00000| Untracked 
|  66|0x0000000713000000, 0x0000000713000000, 0x0000000713200000|  0%| F|  |TAMS 0x0000000713000000| PB 0x0000000713000000| Untracked 
|  67|0x0000000713200000, 0x0000000713200000, 0x0000000713400000|  0%| F|  |TAMS 0x0000000713200000| PB 0x0000000713200000| Untracked 
|  68|0x0000000713400000, 0x0000000713400000, 0x0000000713600000|  0%| F|  |TAMS 0x0000000713400000| PB 0x0000000713400000| Untracked 
|  69|0x0000000713600000, 0x0000000713600000, 0x0000000713800000|  0%| F|  |TAMS 0x0000000713600000| PB 0x0000000713600000| Untracked 
|  70|0x0000000713800000, 0x0000000713800000, 0x0000000713a00000|  0%| F|  |TAMS 0x0000000713800000| PB 0x0000000713800000| Untracked 
|  71|0x0000000713a00000, 0x0000000713a00000, 0x0000000713c00000|  0%| F|  |TAMS 0x0000000713a00000| PB 0x0000000713a00000| Untracked 
|  72|0x0000000713c00000, 0x0000000713c00000, 0x0000000713e00000|  0%| F|  |TAMS 0x0000000713c00000| PB 0x0000000713c00000| Untracked 
|  73|0x0000000713e00000, 0x0000000713e00000, 0x0000000714000000|  0%| F|  |TAMS 0x0000000713e00000| PB 0x0000000713e00000| Untracked 
|  74|0x0000000714000000, 0x0000000714000000, 0x0000000714200000|  0%| F|  |TAMS 0x0000000714000000| PB 0x0000000714000000| Untracked 
|  75|0x0000000714200000, 0x0000000714200000, 0x0000000714400000|  0%| F|  |TAMS 0x0000000714200000| PB 0x0000000714200000| Untracked 
|  76|0x0000000714400000, 0x0000000714400000, 0x0000000714600000|  0%| F|  |TAMS 0x0000000714400000| PB 0x0000000714400000| Untracked 
|  77|0x0000000714600000, 0x0000000714600000, 0x0000000714800000|  0%| F|  |TAMS 0x0000000714600000| PB 0x0000000714600000| Untracked 
|  78|0x0000000714800000, 0x0000000714800000, 0x0000000714a00000|  0%| F|  |TAMS 0x0000000714800000| PB 0x0000000714800000| Untracked 
|  79|0x0000000714a00000, 0x0000000714a00000, 0x0000000714c00000|  0%| F|  |TAMS 0x0000000714a00000| PB 0x0000000714a00000| Untracked 
|  80|0x0000000714c00000, 0x0000000714c00000, 0x0000000714e00000|  0%| F|  |TAMS 0x0000000714c00000| PB 0x0000000714c00000| Untracked 
|  81|0x0000000714e00000, 0x0000000714e00000, 0x0000000715000000|  0%| F|  |TAMS 0x0000000714e00000| PB 0x0000000714e00000| Untracked 
|  82|0x0000000715000000, 0x0000000715000000, 0x0000000715200000|  0%| F|  |TAMS 0x0000000715000000| PB 0x0000000715000000| Untracked 
|  83|0x0000000715200000, 0x0000000715200000, 0x0000000715400000|  0%| F|  |TAMS 0x0000000715200000| PB 0x0000000715200000| Untracked 
|  84|0x0000000715400000, 0x0000000715400000, 0x0000000715600000|  0%| F|  |TAMS 0x0000000715400000| PB 0x0000000715400000| Untracked 
|  85|0x0000000715600000, 0x0000000715600000, 0x0000000715800000|  0%| F|  |TAMS 0x0000000715600000| PB 0x0000000715600000| Untracked 
|  86|0x0000000715800000, 0x0000000715800000, 0x0000000715a00000|  0%| F|  |TAMS 0x0000000715800000| PB 0x0000000715800000| Untracked 
|  87|0x0000000715a00000, 0x0000000715a00000, 0x0000000715c00000|  0%| F|  |TAMS 0x0000000715a00000| PB 0x0000000715a00000| Untracked 
|  88|0x0000000715c00000, 0x0000000715c00000, 0x0000000715e00000|  0%| F|  |TAMS 0x0000000715c00000| PB 0x0000000715c00000| Untracked 
|  89|0x0000000715e00000, 0x0000000715e00000, 0x0000000716000000|  0%| F|  |TAMS 0x0000000715e00000| PB 0x0000000715e00000| Untracked 
|  90|0x0000000716000000, 0x0000000716000000, 0x0000000716200000|  0%| F|  |TAMS 0x0000000716000000| PB 0x0000000716000000| Untracked 
|  91|0x0000000716200000, 0x0000000716200000, 0x0000000716400000|  0%| F|  |TAMS 0x0000000716200000| PB 0x0000000716200000| Untracked 
|  92|0x0000000716400000, 0x0000000716400000, 0x0000000716600000|  0%| F|  |TAMS 0x0000000716400000| PB 0x0000000716400000| Untracked 
|  93|0x0000000716600000, 0x0000000716600000, 0x0000000716800000|  0%| F|  |TAMS 0x0000000716600000| PB 0x0000000716600000| Untracked 
|  94|0x0000000716800000, 0x0000000716800000, 0x0000000716a00000|  0%| F|  |TAMS 0x0000000716800000| PB 0x0000000716800000| Untracked 
|  95|0x0000000716a00000, 0x0000000716a00000, 0x0000000716c00000|  0%| F|  |TAMS 0x0000000716a00000| PB 0x0000000716a00000| Untracked 
|  96|0x0000000716c00000, 0x0000000716c00000, 0x0000000716e00000|  0%| F|  |TAMS 0x0000000716c00000| PB 0x0000000716c00000| Untracked 
|  97|0x0000000716e00000, 0x0000000716e00000, 0x0000000717000000|  0%| F|  |TAMS 0x0000000716e00000| PB 0x0000000716e00000| Untracked 
|  98|0x0000000717000000, 0x0000000717000000, 0x0000000717200000|  0%| F|  |TAMS 0x0000000717000000| PB 0x0000000717000000| Untracked 
|  99|0x0000000717200000, 0x0000000717400000, 0x0000000717400000|100%| S|CS|TAMS 0x0000000717200000| PB 0x0000000717200000| Complete 
| 100|0x0000000717400000, 0x0000000717600000, 0x0000000717600000|100%| S|CS|TAMS 0x0000000717400000| PB 0x0000000717400000| Complete 
| 101|0x0000000717600000, 0x0000000717800000, 0x0000000717800000|100%| S|CS|TAMS 0x0000000717600000| PB 0x0000000717600000| Complete 
| 102|0x0000000717800000, 0x0000000717800000, 0x0000000717a00000|  0%| F|  |TAMS 0x0000000717800000| PB 0x0000000717800000| Untracked 
| 103|0x0000000717a00000, 0x0000000717a00000, 0x0000000717c00000|  0%| F|  |TAMS 0x0000000717a00000| PB 0x0000000717a00000| Untracked 
| 104|0x0000000717c00000, 0x0000000717c00000, 0x0000000717e00000|  0%| F|  |TAMS 0x0000000717c00000| PB 0x0000000717c00000| Untracked 
| 105|0x0000000717e00000, 0x0000000717e00000, 0x0000000718000000|  0%| F|  |TAMS 0x0000000717e00000| PB 0x0000000717e00000| Untracked 
| 106|0x0000000718000000, 0x0000000718000000, 0x0000000718200000|  0%| F|  |TAMS 0x0000000718000000| PB 0x0000000718000000| Untracked 
| 107|0x0000000718200000, 0x0000000718200000, 0x0000000718400000|  0%| F|  |TAMS 0x0000000718200000| PB 0x0000000718200000| Untracked 
| 108|0x0000000718400000, 0x0000000718400000, 0x0000000718600000|  0%| F|  |TAMS 0x0000000718400000| PB 0x0000000718400000| Untracked 
| 109|0x0000000718600000, 0x0000000718600000, 0x0000000718800000|  0%| F|  |TAMS 0x0000000718600000| PB 0x0000000718600000| Untracked 
| 110|0x0000000718800000, 0x0000000718800000, 0x0000000718a00000|  0%| F|  |TAMS 0x0000000718800000| PB 0x0000000718800000| Untracked 
| 111|0x0000000718a00000, 0x0000000718a00000, 0x0000000718c00000|  0%| F|  |TAMS 0x0000000718a00000| PB 0x0000000718a00000| Untracked 
| 112|0x0000000718c00000, 0x0000000718c00000, 0x0000000718e00000|  0%| F|  |TAMS 0x0000000718c00000| PB 0x0000000718c00000| Untracked 
| 113|0x0000000718e00000, 0x0000000718e00000, 0x0000000719000000|  0%| F|  |TAMS 0x0000000718e00000| PB 0x0000000718e00000| Untracked 
| 114|0x0000000719000000, 0x0000000719000000, 0x0000000719200000|  0%| F|  |TAMS 0x0000000719000000| PB 0x0000000719000000| Untracked 
| 115|0x0000000719200000, 0x0000000719333b90, 0x0000000719400000| 60%| E|  |TAMS 0x0000000719200000| PB 0x0000000719200000| Complete 
| 116|0x0000000719400000, 0x0000000719600000, 0x0000000719600000|100%| E|CS|TAMS 0x0000000719400000| PB 0x0000000719400000| Complete 
| 117|0x0000000719600000, 0x0000000719800000, 0x0000000719800000|100%| E|CS|TAMS 0x0000000719600000| PB 0x0000000719600000| Complete 
| 118|0x0000000719800000, 0x0000000719a00000, 0x0000000719a00000|100%| E|CS|TAMS 0x0000000719800000| PB 0x0000000719800000| Complete 
| 119|0x0000000719a00000, 0x0000000719c00000, 0x0000000719c00000|100%| E|CS|TAMS 0x0000000719a00000| PB 0x0000000719a00000| Complete 
| 120|0x0000000719c00000, 0x0000000719e00000, 0x0000000719e00000|100%| E|CS|TAMS 0x0000000719c00000| PB 0x0000000719c00000| Complete 
| 121|0x0000000719e00000, 0x000000071a000000, 0x000000071a000000|100%| E|CS|TAMS 0x0000000719e00000| PB 0x0000000719e00000| Complete 
| 122|0x000000071a000000, 0x000000071a200000, 0x000000071a200000|100%| E|CS|TAMS 0x000000071a000000| PB 0x000000071a000000| Complete 

Card table byte_map: [0x0000019af3ee0000,0x0000019af4690000] _byte_map_base: 0x0000019af068a000

Marking Bits: (CMBitMap*) 0x0000019aeadea560
 Bits: [0x0000019af4690000, 0x0000019af83e0000)

Polling page: 0x0000019aea550000

Metaspace:

Usage:
  Non-class:     13.19 MB used.
      Class:      2.27 MB used.
       Both:     15.46 MB used.

Virtual space:
  Non-class space:       64.00 MB reserved,      13.38 MB ( 21%) committed,  1 nodes.
      Class space:        1.00 GB reserved,       2.44 MB ( <1%) committed,  1 nodes.
             Both:        1.06 GB reserved,      15.81 MB (  1%) committed. 

Chunk freelists:
   Non-Class:  2.02 MB
       Class:  13.54 MB
        Both:  15.55 MB

MaxMetaspaceSize: unlimited
CompressedClassSpaceSize: 1.00 GB
Initial GC threshold: 21.00 MB
Current GC threshold: 21.00 MB
CDS: on
 - commit_granule_bytes: 65536.
 - commit_granule_words: 8192.
 - virtual_space_node_default_size: 8388608.
 - enlarge_chunks_in_place: 1.
 - use_allocation_guard: 0.


Internal statistics:

num_allocs_failed_limit: 0.
num_arena_births: 376.
num_arena_deaths: 0.
num_vsnodes_births: 2.
num_vsnodes_deaths: 0.
num_space_committed: 253.
num_space_uncommitted: 0.
num_chunks_returned_to_freelist: 0.
num_chunks_taken_from_freelist: 882.
num_chunk_merges: 0.
num_chunk_splits: 608.
num_chunks_enlarged: 448.
num_inconsistent_stats: 0.

CodeHeap 'non-profiled nmethods': size=120000Kb used=1081Kb max_used=1081Kb free=118918Kb
 bounds [0x0000019a87ad0000, 0x0000019a87d40000, 0x0000019a8f000000]
CodeHeap 'profiled nmethods': size=120000Kb used=4803Kb max_used=4803Kb free=115196Kb
 bounds [0x0000019a80000000, 0x0000019a804c0000, 0x0000019a87530000]
CodeHeap 'non-nmethods': size=5760Kb used=1792Kb max_used=1829Kb free=3967Kb
 bounds [0x0000019a87530000, 0x0000019a877a0000, 0x0000019a87ad0000]
 total_blobs=3469 nmethods=2661 adapters=711
 compilation: enabled
              stopped_count=0, restarted_count=0
 full_count=0

Compilation events (20 events):
Event: 10.469 Thread 0x0000019afb075040 2655       3       java.util.EnumMap$ValueIterator::<init> (11 bytes)
Event: 10.469 Thread 0x0000019afb075040 nmethod 2655 0x0000019a804aef10 code [0x0000019a804af0c0, 0x0000019a804af360]
Event: 10.469 Thread 0x0000019afb075040 2656       3       java.util.EnumMap$EnumMapIterator::<init> (20 bytes)
Event: 10.469 Thread 0x0000019afb075040 nmethod 2656 0x0000019a804af490 code [0x0000019a804af640, 0x0000019a804af820]
Event: 10.564 Thread 0x0000019afb075040 2657       3       javafx.scene.Node::almostZero (22 bytes)
Event: 10.565 Thread 0x0000019afb075040 nmethod 2657 0x0000019a804af910 code [0x0000019a804afae0, 0x0000019a804afcb8]
Event: 10.565 Thread 0x0000019afb075040 2658       3       javafx.scene.Node::contains (33 bytes)
Event: 10.565 Thread 0x0000019afb075040 nmethod 2658 0x0000019a804afd90 code [0x0000019a804aff80, 0x0000019a804b0510]
Event: 10.636 Thread 0x0000019afb075040 2659       3       com.sun.javafx.css.PseudoClassState::cast (6 bytes)
Event: 10.636 Thread 0x0000019afb073590 2660       4       javafx.scene.Node::getLocalBounds (162 bytes)
Event: 10.636 Thread 0x0000019afb075040 nmethod 2659 0x0000019a804b0690 code [0x0000019a804b0860, 0x0000019a804b0bc8]
Event: 10.644 Thread 0x0000019afb073590 nmethod 2660 0x0000019a87bd8e90 code [0x0000019a87bd9140, 0x0000019a87bd9a58]
Event: 11.132 Thread 0x0000019afb073590 2661       4       com.sun.javafx.geom.PickRay::setOrigin (12 bytes)
Event: 11.133 Thread 0x0000019afb073590 nmethod 2661 0x0000019a87bda190 code [0x0000019a87bda320, 0x0000019a87bda3e0]
Event: 11.235 Thread 0x0000019afb073590 2662   !   4       javafx.scene.Node::intersectsBounds (1005 bytes)
Event: 11.249 Thread 0x0000019afb073590 nmethod 2662 0x0000019a87bda490 code [0x0000019a87bda7c0, 0x0000019a87bdbb70]
Event: 86.302 Thread 0x0000019afb073590 2663       4       com.sun.javafx.tk.quantum.QuantumToolkit::postPulse (133 bytes)
Event: 86.305 Thread 0x0000019afb073590 nmethod 2663 0x0000019a87bdd490 code [0x0000019a87bdd680, 0x0000019a87bdd9b8]
Event: 86.520 Thread 0x0000019afb073590 2664       4       com.sun.javafx.tk.quantum.QuantumToolkit$$Lambda/0x0000019a9003e118::run (8 bytes)
Event: 86.523 Thread 0x0000019afb073590 nmethod 2664 0x0000019a87bddc90 code [0x0000019a87bddea0, 0x0000019a87bde258]

GC Heap History (4 events):
Event: 0.510 GC heap before
{Heap before GC invocations=0 (full 0):
 garbage-first heap   total 251904K, used 20480K [0x000000070ac00000, 0x0000000800000000)
  region size 2048K, 11 young (22528K), 0 survivors (0K)
 Metaspace       used 4563K, committed 4800K, reserved 1114112K
  class space    used 485K, committed 576K, reserved 1048576K
}
Event: 0.513 GC heap after
{Heap after GC invocations=1 (full 0):
 garbage-first heap   total 251904K, used 2978K [0x000000070ac00000, 0x0000000800000000)
  region size 2048K, 2 young (4096K), 2 survivors (4096K)
 Metaspace       used 4563K, committed 4800K, reserved 1114112K
  class space    used 485K, committed 576K, reserved 1048576K
}
Event: 2.347 GC heap before
{Heap before GC invocations=1 (full 0):
 garbage-first heap   total 251904K, used 39842K [0x000000070ac00000, 0x0000000800000000)
  region size 2048K, 21 young (43008K), 2 survivors (4096K)
 Metaspace       used 13545K, committed 13952K, reserved 1114112K
  class space    used 1866K, committed 2048K, reserved 1048576K
}
Event: 2.353 GC heap after
{Heap after GC invocations=2 (full 0):
 garbage-first heap   total 251904K, used 6881K [0x000000070ac00000, 0x0000000800000000)
  region size 2048K, 3 young (6144K), 3 survivors (6144K)
 Metaspace       used 13545K, committed 13952K, reserved 1114112K
  class space    used 1866K, committed 2048K, reserved 1048576K
}

Dll operation events (20 events):
Event: 0.319 Loaded shared library C:\Users\pavlo\.openjfx\cache\21-ea+null\amd64\api-ms-win-crt-locale-l1-1-0.dll
Event: 0.321 Loaded shared library C:\Users\pavlo\.openjfx\cache\21-ea+null\amd64\api-ms-win-crt-math-l1-1-0.dll
Event: 0.324 Loaded shared library C:\Users\pavlo\.openjfx\cache\21-ea+null\amd64\api-ms-win-crt-multibyte-l1-1-0.dll
Event: 0.327 Loaded shared library C:\Users\pavlo\.openjfx\cache\21-ea+null\amd64\api-ms-win-crt-private-l1-1-0.dll
Event: 0.329 Loaded shared library C:\Users\pavlo\.openjfx\cache\21-ea+null\amd64\api-ms-win-crt-process-l1-1-0.dll
Event: 0.331 Loaded shared library C:\Users\pavlo\.openjfx\cache\21-ea+null\amd64\api-ms-win-crt-runtime-l1-1-0.dll
Event: 0.334 Loaded shared library C:\Users\pavlo\.openjfx\cache\21-ea+null\amd64\api-ms-win-crt-stdio-l1-1-0.dll
Event: 0.336 Loaded shared library C:\Users\pavlo\.openjfx\cache\21-ea+null\amd64\api-ms-win-crt-string-l1-1-0.dll
Event: 0.338 Loaded shared library C:\Users\pavlo\.openjfx\cache\21-ea+null\amd64\api-ms-win-crt-time-l1-1-0.dll
Event: 0.340 Loaded shared library C:\Users\pavlo\.openjfx\cache\21-ea+null\amd64\api-ms-win-crt-utility-l1-1-0.dll
Event: 0.351 Loaded shared library C:\Users\pavlo\.openjfx\cache\21-ea+null\amd64\ucrtbase.dll
Event: 0.354 Loaded shared library C:\Users\pavlo\.openjfx\cache\21-ea+null\amd64\vcruntime140.dll
Event: 0.356 Loaded shared library C:\Users\pavlo\.openjfx\cache\21-ea+null\amd64\vcruntime140_1.dll
Event: 0.363 Loaded shared library C:\Users\pavlo\.openjfx\cache\21-ea+null\amd64\msvcp140.dll
Event: 0.365 Loaded shared library C:\Users\pavlo\.openjfx\cache\21-ea+null\amd64\msvcp140_1.dll
Event: 0.369 Loaded shared library C:\Users\pavlo\.openjfx\cache\21-ea+null\amd64\msvcp140_2.dll
Event: 0.398 Loaded shared library C:\Users\pavlo\.openjfx\cache\21-ea+null\amd64\prism_d3d.dll
Event: 0.433 Loaded shared library C:\Users\pavlo\.openjfx\cache\21-ea+null\amd64\glass.dll
Event: 0.535 Loaded shared library C:\Users\pavlo\.jdks\openjdk-21\bin\jimage.dll
Event: 0.648 Loaded shared library C:\Users\pavlo\.openjfx\cache\21-ea+null\amd64\javafx_font.dll

Deoptimization events (20 events):
Event: 2.833 Thread 0x0000019ad4b20210 DEOPT PACKING pc=0x0000019a803cf152 sp=0x0000003625afdc10
Event: 2.833 Thread 0x0000019ad4b20210 DEOPT UNPACKING pc=0x0000019a87584e42 sp=0x0000003625afd068 mode 0
Event: 2.833 Thread 0x0000019ad4b20210 DEOPT PACKING pc=0x0000019a803cf152 sp=0x0000003625afdc10
Event: 2.833 Thread 0x0000019ad4b20210 DEOPT UNPACKING pc=0x0000019a87584e42 sp=0x0000003625afd068 mode 0
Event: 4.367 Thread 0x0000019ad4b20210 DEOPT PACKING pc=0x0000019a803cf173 sp=0x0000003625afdc10
Event: 4.367 Thread 0x0000019ad4b20210 DEOPT UNPACKING pc=0x0000019a87584e42 sp=0x0000003625afd078 mode 0
Event: 4.368 Thread 0x0000019ad4b20210 DEOPT PACKING pc=0x0000019a803cf152 sp=0x0000003625afdc10
Event: 4.368 Thread 0x0000019ad4b20210 DEOPT UNPACKING pc=0x0000019a87584e42 sp=0x0000003625afd068 mode 0
Event: 4.368 Thread 0x0000019ad4b20210 DEOPT PACKING pc=0x0000019a803cf152 sp=0x0000003625afdc10
Event: 4.368 Thread 0x0000019ad4b20210 DEOPT UNPACKING pc=0x0000019a87584e42 sp=0x0000003625afd068 mode 0
Event: 4.369 Thread 0x0000019ad4b20210 DEOPT PACKING pc=0x0000019a803cf152 sp=0x0000003625afdc10
Event: 4.369 Thread 0x0000019ad4b20210 DEOPT UNPACKING pc=0x0000019a87584e42 sp=0x0000003625afd068 mode 0
Event: 4.369 Thread 0x0000019ad4b20210 DEOPT PACKING pc=0x0000019a803cf152 sp=0x0000003625afdc10
Event: 4.369 Thread 0x0000019ad4b20210 DEOPT UNPACKING pc=0x0000019a87584e42 sp=0x0000003625afd068 mode 0
Event: 5.208 Thread 0x0000019ad4d00760 Uncommon trap: trap_request=0xffffffde fr.pc=0x0000019a87b1f918 relative=0x0000000000000958
Event: 5.208 Thread 0x0000019ad4d00760 Uncommon trap: reason=class_check action=maybe_recompile pc=0x0000019a87b1f918 method=java.util.HashMap.putVal(ILjava/lang/Object;Ljava/lang/Object;ZZ)Ljava/lang/Object; @ 91 c2
Event: 5.208 Thread 0x0000019ad4d00760 DEOPT PACKING pc=0x0000019a87b1f918 sp=0x0000003625ef95b0
Event: 5.208 Thread 0x0000019ad4d00760 DEOPT UNPACKING pc=0x0000019a875846a2 sp=0x0000003625ef9550 mode 2
Event: 6.253 Thread 0x0000019ad4d00760 DEOPT PACKING pc=0x0000019a80321167 sp=0x0000003625ef6b10
Event: 6.253 Thread 0x0000019ad4d00760 DEOPT UNPACKING pc=0x0000019a87584e42 sp=0x0000003625ef5f80 mode 0

Classes loaded (20 events):
Event: 2.322 Loading class java/lang/Byte$ByteCache
Event: 2.322 Loading class java/lang/Byte$ByteCache done
Event: 2.322 Loading class java/lang/Short$ShortCache
Event: 2.322 Loading class java/lang/Short$ShortCache done
Event: 2.416 Loading class java/lang/ArrayIndexOutOfBoundsException
Event: 2.416 Loading class java/lang/ArrayIndexOutOfBoundsException done
Event: 2.417 Loading class java/lang/FdLibm$Hypot
Event: 2.417 Loading class java/lang/FdLibm$Hypot done
Event: 2.417 Loading class java/lang/FdLibm
Event: 2.417 Loading class java/lang/FdLibm done
Event: 2.464 Loading class jdk/internal/ref/CleanerImpl$InnocuousThreadFactory
Event: 2.464 Loading class jdk/internal/ref/CleanerImpl$InnocuousThreadFactory done
Event: 2.470 Loading class sun/misc/Unsafe
Event: 2.470 Loading class sun/misc/Unsafe done
Event: 2.470 Loading class java/lang/invoke/DirectMethodHandle$StaticAccessor
Event: 2.470 Loading class java/lang/invoke/DirectMethodHandle$StaticAccessor done
Event: 2.485 Loading class java/lang/FdLibm$Atan2
Event: 2.485 Loading class java/lang/FdLibm$Atan2 done
Event: 212.497 Loading class jdk/internal/misc/Signal$1
Event: 212.497 Loading class jdk/internal/misc/Signal$1 done

Classes unloaded (0 events):
No events

Classes redefined (0 events):
No events

Internal exceptions (20 events):
Event: 0.759 Thread 0x0000019ad4d00760 Implicit null exception at 0x0000019a87b255e6 to 0x0000019a87b2568a
Event: 0.768 Thread 0x0000019ad4d00760 Implicit null exception at 0x0000019a87b466bd to 0x0000019a87b46914
Event: 0.773 Thread 0x0000019ad4d00760 Implicit null exception at 0x0000019a87b43abd to 0x0000019a87b43d08
Event: 0.883 Thread 0x0000019ad4d00760 Exception <a 'java/lang/IncompatibleClassChangeError'{0x000000071813c810}: Found class java.lang.Object, but interface was expected> (0x000000071813c810) 
thrown [s\open\src\hotspot\share\interpreter\linkResolver.cpp, line 840]
Event: 0.921 Thread 0x0000019ad4d00760 Exception <a 'java/lang/NoSuchMethodError'{0x0000000717ea5918}: 'int java.lang.invoke.DirectMethodHandle$Holder.invokeSpecial(java.lang.Object, java.lang.Object, int)'> (0x0000000717ea5918) 
thrown [s\open\src\hotspot\share\interpreter\linkResolver.cpp, line 773]
Event: 0.935 Thread 0x0000019ad4d00760 Exception <a 'java/lang/NoSuchMethodError'{0x0000000717f0f8d8}: 'java.lang.Object java.lang.invoke.DirectMethodHandle$Holder.newInvokeSpecial(java.lang.Object, java.lang.Object, int)'> (0x0000000717f0f8d8) 
thrown [s\open\src\hotspot\share\interpreter\linkResolver.cpp, line 773]
Event: 0.973 Thread 0x0000019ad4b20210 Exception <a 'java/lang/NoSuchMethodError'{0x0000000717fa02d8}: 'int java.lang.invoke.DirectMethodHandle$Holder.invokeStaticInit(java.lang.Object, java.lang.Object)'> (0x0000000717fa02d8) 
thrown [s\open\src\hotspot\share\interpreter\linkResolver.cpp, line 773]
Event: 1.042 Thread 0x0000019afb044750 Exception <a 'sun/nio/fs/WindowsException'{0x0000000717de45b0}> (0x0000000717de45b0) 
thrown [s\open\src\hotspot\share\prims\jni.cpp, line 520]
Event: 2.239 Thread 0x0000019ad4d00760 Exception <a 'java/lang/NoSuchMethodError'{0x0000000717ba73b0}: 'long java.lang.invoke.DirectMethodHandle$Holder.invokeStatic(java.lang.Object, java.lang.Object, java.lang.Object)'> (0x0000000717ba73b0) 
thrown [s\open\src\hotspot\share\interpreter\linkResolver.cpp, line 773]
Event: 2.240 Thread 0x0000019ad4d00760 Exception <a 'java/lang/NoSuchMethodError'{0x0000000717baa780}: 'long java.lang.invoke.DirectMethodHandle$Holder.invokeStaticInit(java.lang.Object, java.lang.Object, java.lang.Object)'> (0x0000000717baa780) 
thrown [s\open\src\hotspot\share\interpreter\linkResolver.cpp, line 773]
Event: 2.241 Thread 0x0000019ad4d00760 Exception <a 'java/lang/NoSuchMethodError'{0x0000000717bbed78}: 'java.lang.Object java.lang.invoke.DirectMethodHandle$Holder.newInvokeSpecial(java.lang.Object, java.lang.Object, long)'> (0x0000000717bbed78) 
thrown [s\open\src\hotspot\share\interpreter\linkResolver.cpp, line 773]
Event: 2.241 Thread 0x0000019ad4d00760 Exception <a 'java/lang/NoSuchMethodError'{0x0000000717bc2670}: 'java.lang.Object java.lang.invoke.Invokers$Holder.linkToTargetMethod(java.lang.Object, long, java.lang.Object)'> (0x0000000717bc2670) 
thrown [s\open\src\hotspot\share\interpreter\linkResolver.cpp, line 773]
Event: 2.328 Thread 0x0000019ad4d00760 Exception <a 'java/lang/NoSuchMethodError'{0x000000071794bdf8}: 'java.lang.Object java.lang.invoke.DelegatingMethodHandle$Holder.reinvoke_L(java.lang.Object, double, double, double, double)'> (0x000000071794bdf8) 
thrown [s\open\src\hotspot\share\interpreter\linkResolver.cpp, line 773]
Event: 2.329 Thread 0x0000019ad4d00760 Exception <a 'java/lang/NoSuchMethodError'{0x0000000717956d30}: 'java.lang.Object java.lang.invoke.DirectMethodHandle$Holder.invokeStatic(java.lang.Object, java.lang.Object, int)'> (0x0000000717956d30) 
thrown [s\open\src\hotspot\share\interpreter\linkResolver.cpp, line 773]
Event: 2.330 Thread 0x0000019ad4d00760 Exception <a 'java/lang/NoSuchMethodError'{0x000000071795abb8}: 'void java.lang.invoke.DirectMethodHandle$Holder.invokeStatic(java.lang.Object, java.lang.Object, int, java.lang.Object)'> (0x000000071795abb8) 
thrown [s\open\src\hotspot\share\interpreter\linkResolver.cpp, line 773]
Event: 2.330 Thread 0x0000019ad4d00760 Exception <a 'java/lang/NoSuchMethodError'{0x00000007179618d8}: 'void java.lang.invoke.DelegatingMethodHandle$Holder.delegate(java.lang.Object, java.lang.Object, int, java.lang.Object)'> (0x00000007179618d8) 
thrown [s\open\src\hotspot\share\interpreter\linkResolver.cpp, line 773]
Event: 2.368 Thread 0x0000019ad4d00760 Exception <a 'java/lang/ClassNotFoundException'{0x000000071a1e02f8}: com/sun/javafx/scene/control/skin/resources/controls> (0x000000071a1e02f8) 
thrown [s\open\src\hotspot\share\prims\jni.cpp, line 539]
Event: 2.368 Thread 0x0000019ad4d00760 Exception <a 'java/lang/ClassNotFoundException'{0x000000071a1eeaa8}: com/sun/javafx/scene/control/skin/resources/controls_uk> (0x000000071a1eeaa8) 
thrown [s\open\src\hotspot\share\prims\jni.cpp, line 539]
Event: 2.368 Thread 0x0000019ad4d00760 Exception <a 'java/lang/ClassNotFoundException'{0x000000071a1efd50}: com/sun/javafx/scene/control/skin/resources/controls_uk_UA> (0x000000071a1efd50) 
thrown [s\open\src\hotspot\share\prims\jni.cpp, line 539]
Event: 2.392 Thread 0x0000019ad4d00760 Exception <a 'java/lang/NoSuchMethodError'{0x0000000719fb9078}: 'void java.lang.invoke.DirectMethodHandle$Holder.invokeSpecial(java.lang.Object, java.lang.Object, java.lang.Object, java.lang.Object, java.lang.Object, java.lang.Object)'> (0x0000000719fb9078) 
thrown [s\open\src\hotspot\share\interpreter\linkResolver.cpp, line 773]

ZGC Phase Switch (0 events):
No events

VM Operations (20 events):
Event: 4.417 Executing VM operation: Cleanup done
Event: 5.417 Executing VM operation: Cleanup
Event: 5.417 Executing VM operation: Cleanup done
Event: 7.417 Executing VM operation: Cleanup
Event: 7.417 Executing VM operation: Cleanup done
Event: 8.417 Executing VM operation: Cleanup
Event: 8.417 Executing VM operation: Cleanup done
Event: 10.418 Executing VM operation: Cleanup
Event: 10.418 Executing VM operation: Cleanup done
Event: 11.418 Executing VM operation: Cleanup
Event: 11.418 Executing VM operation: Cleanup done
Event: 12.419 Executing VM operation: Cleanup
Event: 12.419 Executing VM operation: Cleanup done
Event: 14.419 Executing VM operation: Cleanup
Event: 14.419 Executing VM operation: Cleanup done
Event: 60.262 Executing VM operation: HandshakeAllThreads (HandshakeForDeflation)
Event: 60.262 Executing VM operation: HandshakeAllThreads (HandshakeForDeflation) done
Event: 60.262 Executing VM operation: RendezvousGCThreads
Event: 60.262 Executing VM operation: RendezvousGCThreads done
Event: 212.500 Executing VM operation: Exit

Events (20 events):
Event: 0.165 Thread 0x0000019ad4282980 Thread added: 0x0000019ad4282980
Event: 0.390 Thread 0x0000019ad4b20210 Thread added: 0x0000019ad4b20210
Event: 0.435 Thread 0x0000019ad4e079e0 Thread added: 0x0000019ad4e079e0
Event: 0.438 Thread 0x0000019ad4d00760 Thread added: 0x0000019ad4d00760
Event: 0.509 Thread 0x0000019ad4e81f70 Thread added: 0x0000019ad4e81f70
Event: 0.510 Thread 0x0000019ad4ef4810 Thread added: 0x0000019ad4ef4810
Event: 0.876 Thread 0x0000019ad5b7d8b0 Thread added: 0x0000019ad5b7d8b0
Event: 1.487 Thread 0x0000019ad4327620 Thread exited: 0x0000019ad4327620
Event: 1.487 Thread 0x0000019ad4326f50 Thread exited: 0x0000019ad4326f50
Event: 2.338 Thread 0x0000019ad51175c0 Thread added: 0x0000019ad51175c0
Event: 2.423 Thread 0x0000019ad51197d0 Thread added: 0x0000019ad51197d0
Event: 2.464 Thread 0x0000019ad5b7e5d0 Thread added: 0x0000019ad5b7e5d0
Event: 2.580 Thread 0x0000019ad51197d0 Thread exited: 0x0000019ad51197d0
Event: 2.700 Thread 0x0000019ad51175c0 Thread exited: 0x0000019ad51175c0
Event: 212.498 Thread 0x0000019ad5b7be70 Thread added: 0x0000019ad5b7be70
Event: 212.498 Thread 0x0000019ad5b7d220 Thread added: 0x0000019ad5b7d220
Event: 212.498 Thread 0x0000019ad5b7c500 Thread added: 0x0000019ad5b7c500
Event: 212.499 Thread 0x0000019ad5b7c500 Thread exited: 0x0000019ad5b7c500
Event: 212.499 Thread 0x0000019ad5b7d220 Thread exited: 0x0000019ad5b7d220
Event: 212.500 Thread 0x0000019afb042850 Thread exited: 0x0000019afb042850


Dynamic libraries:
0x00007ff7487d0000 - 0x00007ff7487de000 	C:\Users\pavlo\.jdks\openjdk-21\bin\java.exe
0x00007ff8c7d50000 - 0x00007ff8c7f67000 	C:\WINDOWS\SYSTEM32\ntdll.dll
0x00007ff8c7060000 - 0x00007ff8c7124000 	C:\WINDOWS\System32\KERNEL32.DLL
0x00007ff8c51f0000 - 0x00007ff8c5596000 	C:\WINDOWS\System32\KERNELBASE.dll
0x00007ff8c58f0000 - 0x00007ff8c5a01000 	C:\WINDOWS\System32\ucrtbase.dll
0x00007ff8add10000 - 0x00007ff8add2b000 	C:\Users\pavlo\.jdks\openjdk-21\bin\VCRUNTIME140.dll
0x00007ff8aeb30000 - 0x00007ff8aeb48000 	C:\Users\pavlo\.jdks\openjdk-21\bin\jli.dll
0x00007ff8c6440000 - 0x00007ff8c65ed000 	C:\WINDOWS\System32\USER32.dll
0x00007ff8c55a0000 - 0x00007ff8c55c6000 	C:\WINDOWS\System32\win32u.dll
0x00007ff8c7690000 - 0x00007ff8c76b9000 	C:\WINDOWS\System32\GDI32.dll
0x00007ff8c50d0000 - 0x00007ff8c51e8000 	C:\WINDOWS\System32\gdi32full.dll
0x00007ff8a5bc0000 - 0x00007ff8a5e53000 	C:\WINDOWS\WinSxS\amd64_microsoft.windows.common-controls_6595b64144ccf1df_6.0.22621.2361_none_2712ced57382f843\COMCTL32.dll
0x00007ff8c5a10000 - 0x00007ff8c5aaa000 	C:\WINDOWS\System32\msvcp_win.dll
0x00007ff8c5ab0000 - 0x00007ff8c5b57000 	C:\WINDOWS\System32\msvcrt.dll
0x00007ff8c6ed0000 - 0x00007ff8c6f01000 	C:\WINDOWS\System32\IMM32.DLL
0x00007ff8b02d0000 - 0x00007ff8b02dc000 	C:\Users\pavlo\.jdks\openjdk-21\bin\vcruntime140_1.dll
0x00007ff89d060000 - 0x00007ff89d0ee000 	C:\Users\pavlo\.jdks\openjdk-21\bin\msvcp140.dll
0x00007ff86ad20000 - 0x00007ff86ba33000 	C:\Users\pavlo\.jdks\openjdk-21\bin\server\jvm.dll
0x00007ff8c7470000 - 0x00007ff8c7520000 	C:\WINDOWS\System32\ADVAPI32.dll
0x00007ff8c65f0000 - 0x00007ff8c6696000 	C:\WINDOWS\System32\sechost.dll
0x00007ff8c7350000 - 0x00007ff8c7467000 	C:\WINDOWS\System32\RPCRT4.dll
0x00007ff8c63c0000 - 0x00007ff8c6431000 	C:\WINDOWS\System32\WS2_32.dll
0x00007ff8c49a0000 - 0x00007ff8c49ed000 	C:\WINDOWS\SYSTEM32\POWRPROF.dll
0x00007ff8bd720000 - 0x00007ff8bd754000 	C:\WINDOWS\SYSTEM32\WINMM.dll
0x00007ff8bd550000 - 0x00007ff8bd55a000 	C:\WINDOWS\SYSTEM32\VERSION.dll
0x00007ff8c4930000 - 0x00007ff8c4943000 	C:\WINDOWS\SYSTEM32\UMPDC.dll
0x00007ff8c4110000 - 0x00007ff8c4128000 	C:\WINDOWS\SYSTEM32\kernel.appcore.dll
0x00007ff8aeb20000 - 0x00007ff8aeb2a000 	C:\Users\pavlo\.jdks\openjdk-21\bin\jimage.dll
0x00007ff8b31c0000 - 0x00007ff8b33ee000 	C:\WINDOWS\SYSTEM32\DBGHELP.DLL
0x00007ff8c7980000 - 0x00007ff8c7d0a000 	C:\WINDOWS\System32\combase.dll
0x00007ff8c75b0000 - 0x00007ff8c7687000 	C:\WINDOWS\System32\OLEAUT32.dll
0x00007ff8acab0000 - 0x00007ff8acae2000 	C:\WINDOWS\SYSTEM32\dbgcore.DLL
0x00007ff8c55d0000 - 0x00007ff8c564a000 	C:\WINDOWS\System32\bcryptPrimitives.dll
0x00007ff8c1a00000 - 0x00007ff8c1a0f000 	C:\Users\pavlo\.jdks\openjdk-21\bin\instrument.dll
0x00007ff8a8c50000 - 0x00007ff8a8c6f000 	C:\Users\pavlo\.jdks\openjdk-21\bin\java.dll
0x00007ff8c5b60000 - 0x00007ff8c63b8000 	C:\WINDOWS\System32\SHELL32.dll
0x00007ff8c3030000 - 0x00007ff8c3922000 	C:\WINDOWS\SYSTEM32\windows.storage.dll
0x00007ff8c2ef0000 - 0x00007ff8c302e000 	C:\WINDOWS\SYSTEM32\wintypes.dll
0x00007ff8c7250000 - 0x00007ff8c7343000 	C:\WINDOWS\System32\SHCORE.dll
0x00007ff8c71f0000 - 0x00007ff8c724e000 	C:\WINDOWS\System32\shlwapi.dll
0x00007ff8c5000000 - 0x00007ff8c5026000 	C:\WINDOWS\SYSTEM32\profapi.dll
0x00007ff88f390000 - 0x00007ff88f467000 	C:\Users\pavlo\.jdks\openjdk-21\bin\jsvml.dll
0x00007ff8aea10000 - 0x00007ff8aea20000 	C:\Users\pavlo\.jdks\openjdk-21\bin\net.dll
0x00007ff8bf990000 - 0x00007ff8bfac7000 	C:\WINDOWS\SYSTEM32\WINHTTP.dll
0x00007ff8c45f0000 - 0x00007ff8c4659000 	C:\WINDOWS\system32\mswsock.dll
0x00007ff8a8400000 - 0x00007ff8a8416000 	C:\Users\pavlo\.jdks\openjdk-21\bin\nio.dll
0x00007ff8a79e0000 - 0x00007ff8a79f8000 	C:\Users\pavlo\.jdks\openjdk-21\bin\zip.dll
0x00007ff866ef0000 - 0x00007ff866f0a000 	C:\Program Files\JetBrains\IntelliJ IDEA 2023.2.2\bin\breakgen64.dll
0x0000019ad5cf0000 - 0x0000019ad5cf3000 	C:\Users\pavlo\.openjfx\cache\21-ea+null\amd64\api-ms-win-core-console-l1-1-0.dll
0x0000019ad5d00000 - 0x0000019ad5d03000 	C:\Users\pavlo\.openjfx\cache\21-ea+null\amd64\api-ms-win-core-console-l1-2-0.dll
0x0000019ad5d10000 - 0x0000019ad5d13000 	C:\Users\pavlo\.openjfx\cache\21-ea+null\amd64\api-ms-win-core-datetime-l1-1-0.dll
0x0000019ad5d20000 - 0x0000019ad5d23000 	C:\Users\pavlo\.openjfx\cache\21-ea+null\amd64\api-ms-win-core-debug-l1-1-0.dll
0x0000019ad5d30000 - 0x0000019ad5d33000 	C:\Users\pavlo\.openjfx\cache\21-ea+null\amd64\api-ms-win-core-errorhandling-l1-1-0.dll
0x0000019ad5d40000 - 0x0000019ad5d44000 	C:\Users\pavlo\.openjfx\cache\21-ea+null\amd64\api-ms-win-core-file-l1-1-0.dll
0x0000019ad5d50000 - 0x0000019ad5d53000 	C:\Users\pavlo\.openjfx\cache\21-ea+null\amd64\api-ms-win-core-file-l1-2-0.dll
0x0000019ad5d60000 - 0x0000019ad5d63000 	C:\Users\pavlo\.openjfx\cache\21-ea+null\amd64\api-ms-win-core-file-l2-1-0.dll
0x0000019ad5d70000 - 0x0000019ad5d73000 	C:\Users\pavlo\.openjfx\cache\21-ea+null\amd64\api-ms-win-core-handle-l1-1-0.dll
0x0000019ad5d80000 - 0x0000019ad5d83000 	C:\Users\pavlo\.openjfx\cache\21-ea+null\amd64\api-ms-win-core-heap-l1-1-0.dll
0x0000019ad5d90000 - 0x0000019ad5d93000 	C:\Users\pavlo\.openjfx\cache\21-ea+null\amd64\api-ms-win-core-interlocked-l1-1-0.dll
0x0000019ad5da0000 - 0x0000019ad5da3000 	C:\Users\pavlo\.openjfx\cache\21-ea+null\amd64\api-ms-win-core-libraryloader-l1-1-0.dll
0x0000019ad5db0000 - 0x0000019ad5db3000 	C:\Users\pavlo\.openjfx\cache\21-ea+null\amd64\api-ms-win-core-localization-l1-2-0.dll
0x0000019ad5dc0000 - 0x0000019ad5dc3000 	C:\Users\pavlo\.openjfx\cache\21-ea+null\amd64\api-ms-win-core-memory-l1-1-0.dll
0x0000019ad5dd0000 - 0x0000019ad5dd3000 	C:\Users\pavlo\.openjfx\cache\21-ea+null\amd64\api-ms-win-core-namedpipe-l1-1-0.dll
0x0000019ad5de0000 - 0x0000019ad5de3000 	C:\Users\pavlo\.openjfx\cache\21-ea+null\amd64\api-ms-win-core-processenvironment-l1-1-0.dll
0x0000019ad5df0000 - 0x0000019ad5df3000 	C:\Users\pavlo\.openjfx\cache\21-ea+null\amd64\api-ms-win-core-processthreads-l1-1-0.dll
0x0000019ad5e00000 - 0x0000019ad5e03000 	C:\Users\pavlo\.openjfx\cache\21-ea+null\amd64\api-ms-win-core-processthreads-l1-1-1.dll
0x0000019ad5e10000 - 0x0000019ad5e13000 	C:\Users\pavlo\.openjfx\cache\21-ea+null\amd64\api-ms-win-core-profile-l1-1-0.dll
0x0000019ad5e20000 - 0x0000019ad5e23000 	C:\Users\pavlo\.openjfx\cache\21-ea+null\amd64\api-ms-win-core-rtlsupport-l1-1-0.dll
0x0000019ad5e30000 - 0x0000019ad5e33000 	C:\Users\pavlo\.openjfx\cache\21-ea+null\amd64\api-ms-win-core-string-l1-1-0.dll
0x0000019ad5e40000 - 0x0000019ad5e43000 	C:\Users\pavlo\.openjfx\cache\21-ea+null\amd64\api-ms-win-core-synch-l1-1-0.dll
0x0000019ad5e50000 - 0x0000019ad5e53000 	C:\Users\pavlo\.openjfx\cache\21-ea+null\amd64\api-ms-win-core-synch-l1-2-0.dll
0x0000019ad5e60000 - 0x0000019ad5e63000 	C:\Users\pavlo\.openjfx\cache\21-ea+null\amd64\api-ms-win-core-sysinfo-l1-1-0.dll
0x0000019ad5e70000 - 0x0000019ad5e73000 	C:\Users\pavlo\.openjfx\cache\21-ea+null\amd64\api-ms-win-core-timezone-l1-1-0.dll
0x0000019ad5e80000 - 0x0000019ad5e83000 	C:\Users\pavlo\.openjfx\cache\21-ea+null\amd64\api-ms-win-core-util-l1-1-0.dll
0x0000019ad5e90000 - 0x0000019ad5e93000 	C:\Users\pavlo\.openjfx\cache\21-ea+null\amd64\api-ms-win-crt-conio-l1-1-0.dll
0x0000019ad5ea0000 - 0x0000019ad5ea4000 	C:\Users\pavlo\.openjfx\cache\21-ea+null\amd64\api-ms-win-crt-convert-l1-1-0.dll
0x0000019ad5eb0000 - 0x0000019ad5eb3000 	C:\Users\pavlo\.openjfx\cache\21-ea+null\amd64\api-ms-win-crt-environment-l1-1-0.dll
0x0000019ad5ec0000 - 0x0000019ad5ec3000 	C:\Users\pavlo\.openjfx\cache\21-ea+null\amd64\api-ms-win-crt-filesystem-l1-1-0.dll
0x0000019ad5ed0000 - 0x0000019ad5ed3000 	C:\Users\pavlo\.openjfx\cache\21-ea+null\amd64\api-ms-win-crt-heap-l1-1-0.dll
0x0000019ad5ee0000 - 0x0000019ad5ee3000 	C:\Users\pavlo\.openjfx\cache\21-ea+null\amd64\api-ms-win-crt-locale-l1-1-0.dll
0x0000019ad5ef0000 - 0x0000019ad5ef5000 	C:\Users\pavlo\.openjfx\cache\21-ea+null\amd64\api-ms-win-crt-math-l1-1-0.dll
0x0000019ad5f00000 - 0x0000019ad5f05000 	C:\Users\pavlo\.openjfx\cache\21-ea+null\amd64\api-ms-win-crt-multibyte-l1-1-0.dll
0x0000019ad5f10000 - 0x0000019ad5f20000 	C:\Users\pavlo\.openjfx\cache\21-ea+null\amd64\api-ms-win-crt-private-l1-1-0.dll
0x0000019ad5f20000 - 0x0000019ad5f23000 	C:\Users\pavlo\.openjfx\cache\21-ea+null\amd64\api-ms-win-crt-process-l1-1-0.dll
0x0000019ad5f30000 - 0x0000019ad5f34000 	C:\Users\pavlo\.openjfx\cache\21-ea+null\amd64\api-ms-win-crt-runtime-l1-1-0.dll
0x0000019ad5f40000 - 0x0000019ad5f44000 	C:\Users\pavlo\.openjfx\cache\21-ea+null\amd64\api-ms-win-crt-stdio-l1-1-0.dll
0x0000019ad5f50000 - 0x0000019ad5f54000 	C:\Users\pavlo\.openjfx\cache\21-ea+null\amd64\api-ms-win-crt-string-l1-1-0.dll
0x0000019ad5f60000 - 0x0000019ad5f63000 	C:\Users\pavlo\.openjfx\cache\21-ea+null\amd64\api-ms-win-crt-time-l1-1-0.dll
0x0000019ad5f70000 - 0x0000019ad5f73000 	C:\Users\pavlo\.openjfx\cache\21-ea+null\amd64\api-ms-win-crt-utility-l1-1-0.dll
0x00007ff858380000 - 0x00007ff85847c000 	C:\Users\pavlo\.openjfx\cache\21-ea+null\amd64\ucrtbase.dll
0x00007ff866ed0000 - 0x00007ff866eeb000 	C:\Users\pavlo\.openjfx\cache\21-ea+null\amd64\vcruntime140.dll
0x00007ff89e630000 - 0x00007ff89e63c000 	C:\Users\pavlo\.openjfx\cache\21-ea+null\amd64\vcruntime140_1.dll
0x00007ff866df0000 - 0x00007ff866e7e000 	C:\Users\pavlo\.openjfx\cache\21-ea+null\amd64\msvcp140.dll
0x00007ff8c6b70000 - 0x00007ff8c6d0f000 	C:\WINDOWS\System32\ole32.dll
0x00007ff89e520000 - 0x00007ff89e529000 	C:\Users\pavlo\.openjfx\cache\21-ea+null\amd64\msvcp140_1.dll
0x00007ff866ea0000 - 0x00007ff866ecf000 	C:\Users\pavlo\.openjfx\cache\21-ea+null\amd64\msvcp140_2.dll
0x00007ff866dc0000 - 0x00007ff866def000 	C:\Users\pavlo\.openjfx\cache\21-ea+null\amd64\prism_d3d.dll
0x00007ff8814d0000 - 0x00007ff881679000 	C:\WINDOWS\system32\d3d9.dll
0x00007ff8c2880000 - 0x00007ff8c28ab000 	C:\WINDOWS\SYSTEM32\dwmapi.dll
0x00007ff8c2710000 - 0x00007ff8c2746000 	C:\WINDOWS\SYSTEM32\dxcore.dll
0x00007ff8c2620000 - 0x00007ff8c26cb000 	C:\WINDOWS\system32\uxtheme.dll
0x00007ff8bce30000 - 0x00007ff8bcfeb000 	C:\WINDOWS\System32\DriverStore\FileRepository\u0387389.inf_amd64_995be970e30b8c79\B385477\aticfx64.dll
0x00007ff89c320000 - 0x00007ff89c354000 	C:\WINDOWS\System32\DriverStore\FileRepository\u0387389.inf_amd64_995be970e30b8c79\B385477\atiu9p64.dll
0x00007ff8648c0000 - 0x00007ff865615000 	C:\WINDOWS\System32\DriverStore\FileRepository\u0387389.inf_amd64_995be970e30b8c79\B385477\atiumd64.dll
0x000000005dae0000 - 0x000000005ea07000 	C:\WINDOWS\System32\DriverStore\FileRepository\u0387389.inf_amd64_995be970e30b8c79\B385477\atiumd6a.dll
0x00007ff8c66f0000 - 0x00007ff8c6b64000 	C:\WINDOWS\System32\SETUPAPI.dll
0x00007ff8bbd20000 - 0x00007ff8bbd55000 	C:\WINDOWS\SYSTEM32\amdihk64.dll
0x00007ff8bf940000 - 0x00007ff8bf98a000 	C:\WINDOWS\SYSTEM32\directxdatabasehelper.dll
0x00007ff85c3d0000 - 0x00007ff85c412000 	C:\Users\pavlo\.openjfx\cache\21-ea+null\amd64\glass.dll
0x00007ff8c76c0000 - 0x00007ff8c77b9000 	C:\WINDOWS\System32\COMDLG32.dll
0x00007ff8c6f10000 - 0x00007ff8c705c000 	C:\WINDOWS\System32\MSCTF.dll
0x00007ff866da0000 - 0x00007ff866db4000 	C:\Users\pavlo\.openjfx\cache\21-ea+null\amd64\javafx_font.dll
0x00007ff8c0f20000 - 0x00007ff8c1193000 	C:\WINDOWS\SYSTEM32\dwrite.dll
0x00007ff8c6d10000 - 0x00007ff8c6dc0000 	C:\WINDOWS\System32\clbcatq.dll
0x00007ff8c0d70000 - 0x00007ff8c0f20000 	C:\WINDOWS\SYSTEM32\WindowsCodecs.dll
0x00007ff8a51e0000 - 0x00007ff8a523e000 	C:\WINDOWS\system32\dataexchange.dll
0x00007ff8bc560000 - 0x00007ff8bc7e5000 	C:\WINDOWS\system32\twinapi.appcore.dll
0x00007ff88f6e0000 - 0x00007ff88f712000 	C:\Program Files\Common Files\Microsoft Shared\Ink\rtscom.dll
0x00007ff8a3da0000 - 0x00007ff8a3eea000 	C:\WINDOWS\SYSTEM32\textinputframework.dll
0x00007ff8c2180000 - 0x00007ff8c22b3000 	C:\WINDOWS\SYSTEM32\CoreMessaging.dll
0x00007ff8be4f0000 - 0x00007ff8be85c000 	C:\WINDOWS\SYSTEM32\CoreUIComponents.dll
0x00007ff8c4870000 - 0x00007ff8c487c000 	C:\WINDOWS\SYSTEM32\CRYPTBASE.DLL

dbghelp: loaded successfully - version: 4.0.5 - missing functions: none
symbol engine: initialized successfully - sym options: 0x614 - pdb path: .;C:\Users\pavlo\.jdks\openjdk-21\bin;C:\WINDOWS\SYSTEM32;C:\WINDOWS\WinSxS\amd64_microsoft.windows.common-controls_6595b64144ccf1df_6.0.22621.2361_none_2712ced57382f843;C:\Users\pavlo\.jdks\openjdk-21\bin\server;C:\Program Files\JetBrains\IntelliJ IDEA 2023.2.2\bin;C:\Users\pavlo\.openjfx\cache\21-ea+null\amd64;C:\WINDOWS\System32\DriverStore\FileRepository\u0387389.inf_amd64_995be970e30b8c79\B385477;C:\Program Files\Common Files\Microsoft Shared\Ink

VM Arguments:
jvm_args: -javaagent:C:\Program Files\JetBrains\IntelliJ IDEA 2023.2.2\lib\idea_rt.jar=54502:C:\Program Files\JetBrains\IntelliJ IDEA 2023.2.2\bin -Dfile.encoding=UTF-8 -Dsun.stdout.encoding=UTF-8 -Dsun.stderr.encoding=UTF-8 --module-path=C:\Users\pavlo\.m2\repository\org\openjfx\javafx-controls\21-ea+24\javafx-controls-21-ea+24-win.jar;C:\Users\pavlo\.m2\repository\org\kordamp\bootstrapfx\bootstrapfx-core\0.4.0\bootstrapfx-core-0.4.0.jar;C:\Users\pavlo\.m2\repository\org\openjfx\javafx-fxml\21-ea+24\javafx-fxml-21-ea+24-win.jar;C:\Users\pavlo\OneDrive\Робочий стіл\3 курс\Людино-машина взаємодія\LearnEnglish\target\classes;C:\Users\pavlo\.m2\repository\org\openjfx\javafx-base\21-ea+24\javafx-base-21-ea+24-win.jar;C:\Users\pavlo\.m2\repository\com\dlsc\formsfx\formsfx-core\11.6.0\formsfx-core-11.6.0.jar;C:\Users\pavlo\.m2\repository\org\openjfx\javafx-graphics\21-ea+24\javafx-graphics-21-ea+24-win.jar -Djdk.module.main=com.example.learnenglish 
java_command: com.example.learnenglish/com.example.learnenglish.HelloApplication
java_class_path (initial): C:\Users\pavlo\.m2\repository\org\openjfx\javafx-controls\21-ea+24\javafx-controls-21-ea+24.jar;C:\Users\pavlo\.m2\repository\org\openjfx\javafx-graphics\21-ea+24\javafx-graphics-21-ea+24.jar;C:\Users\pavlo\.m2\repository\org\openjfx\javafx-base\21-ea+24\javafx-base-21-ea+24.jar;C:\Users\pavlo\.m2\repository\org\openjfx\javafx-fxml\21-ea+24\javafx-fxml-21-ea+24.jar;C:\Users\pavlo\.m2\repository\com\mysql\mysql-connector-j\8.2.0\mysql-connector-j-8.2.0.jar;C:\Users\pavlo\.m2\repository\com\google\protobuf\protobuf-java\3.21.9\protobuf-java-3.21.9.jar;C:\Users\pavlo\Downloads\mysql-connector-j-8.2.0\mysql-connector-j-8.2.0\mysql-connector-j-8.2.0.jar
Launcher Type: SUN_STANDARD

[Global flags]
     intx CICompilerCount                          = 4                                         {product} {ergonomic}
     uint ConcGCThreads                            = 3                                         {product} {ergonomic}
     uint G1ConcRefinementThreads                  = 10                                        {product} {ergonomic}
   size_t G1HeapRegionSize                         = 2097152                                   {product} {ergonomic}
    uintx GCDrainStackTargetSize                   = 64                                        {product} {ergonomic}
   size_t InitialHeapSize                          = 257949696                                 {product} {ergonomic}
   size_t MarkStackSize                            = 4194304                                   {product} {ergonomic}
   size_t MaxHeapSize                              = 4114612224                                {product} {ergonomic}
   size_t MaxNewSize                               = 2468347904                                {product} {ergonomic}
   size_t MinHeapDeltaBytes                        = 2097152                                   {product} {ergonomic}
   size_t MinHeapSize                              = 8388608                                   {product} {ergonomic}
    uintx NonNMethodCodeHeapSize                   = 5839372                                {pd product} {ergonomic}
    uintx NonProfiledCodeHeapSize                  = 122909434                              {pd product} {ergonomic}
    uintx ProfiledCodeHeapSize                     = 122909434                              {pd product} {ergonomic}
    uintx ReservedCodeCacheSize                    = 251658240                              {pd product} {ergonomic}
     bool SegmentedCodeCache                       = true                                      {product} {ergonomic}
   size_t SoftMaxHeapSize                          = 4114612224                             {manageable} {ergonomic}
     bool UseCompressedOops                        = true                           {product lp64_product} {ergonomic}
     bool UseG1GC                                  = true                                      {product} {ergonomic}
     bool UseLargePagesIndividualAllocation        = false                                  {pd product} {ergonomic}

Logging:
Log output configuration:
 #0: stdout all=off uptime,level,tags foldmultilines=false
 #1: stderr all=off uptime,level,tags foldmultilines=false

Environment Variables:
JAVA_HOME=C:\Program Files\Java\jdk-17.0.3.1
PATH=C:\watcom-1.3\binnt;C:\watcom-1.3\binw;C:\Program Files\Java\jdk-17.0.3.1\bin;C:\WINDOWS\system32;C:\WINDOWS;C:\WINDOWS\System32\Wbem;C:\WINDOWS\System32\WindowsPowerShell\v1.0\;C:\WINDOWS\System32\OpenSSH\;C:\Program Files\Git\cmd;C:\Program Files\nodejs\;C:\HashiCorp\Vagrant\bin;C:\Users\pavlo\AppData\Local\Programs\Python\Python310\Scripts\;C:\Users\pavlo\AppData\Local\Programs\Python\Python310\;C:\Users\pavlo\AppData\Local\Microsoft\WindowsApps;;C:\Program Files\JetBrains\IntelliJ IDEA 2022.2.2\bin;;C:\Program Files\JetBrains\WebStorm 2023.2.1\bin;;C:\Users\pavlo\AppData\Roaming\npm;C:\Users\pavlo\AppData\Local\Programs\Microsoft VS Code\bin
USERNAME=pavlo
OS=Windows_NT
PROCESSOR_IDENTIFIER=AMD64 Family 23 Model 104 Stepping 1, AuthenticAMD
TMP=C:\Users\pavlo\AppData\Local\Temp
TEMP=C:\Users\pavlo\AppData\Local\Temp




---------------  S Y S T E M  ---------------

OS:
 Windows 11 , 64 bit Build 22621 (10.0.22621.2428)
OS uptime: 0 days 10:37 hours

CPU: total 12 (initial active 12) (12 cores per cpu, 2 threads per core) family 23 model 104 stepping 1 microcode 0x0, cx8, cmov, fxsr, ht, mmx, 3dnowpref, sse, sse2, sse3, ssse3, sse4a, sse4.1, sse4.2, popcnt, lzcnt, tsc, tscinvbit, avx, avx2, aes, clmul, bmi1, bmi2, adx, sha, fma, vzeroupper, clflush, clflushopt, rdtscp, rdpid, f16c
Processor Information for processor 0
  Max Mhz: 2100, Current Mhz: 1988, Mhz Limit: 2100
Processor Information for processor 1
  Max Mhz: 2100, Current Mhz: 1988, Mhz Limit: 2100
Processor Information for processor 2
  Max Mhz: 2100, Current Mhz: 1988, Mhz Limit: 2100
Processor Information for processor 3
  Max Mhz: 2100, Current Mhz: 1988, Mhz Limit: 2100
Processor Information for processor 4
  Max Mhz: 2100, Current Mhz: 1988, Mhz Limit: 2100
Processor Information for processor 5
  Max Mhz: 2100, Current Mhz: 1988, Mhz Limit: 2100
Processor Information for processor 6
  Max Mhz: 2100, Current Mhz: 1988, Mhz Limit: 2100
Processor Information for processor 7
  Max Mhz: 2100, Current Mhz: 2100, Mhz Limit: 2100
Processor Information for processor 8
  Max Mhz: 2100, Current Mhz: 1988, Mhz Limit: 2100
Processor Information for processor 9
  Max Mhz: 2100, Current Mhz: 1988, Mhz Limit: 2100
Processor Information for processor 10
  Max Mhz: 2100, Current Mhz: 1988, Mhz Limit: 2100
Processor Information for processor 11
  Max Mhz: 2100, Current Mhz: 1988, Mhz Limit: 2100

Memory: 4k page, system-wide physical 15693M (7433M free)
TotalPageFile size 18125M (AvailPageFile size 3386M)
current process WorkingSet (physical memory assigned to process): 140M, peak: 158M
current process commit charge ("private bytes"): 404M, peak: 428M

vm_info: OpenJDK 64-Bit Server VM (21+35-2513) for windows-amd64 JRE (21+35-2513), built on 2023-08-09T20:25:10Z by "mach5one" with MS VC++ 17.1 (VS2022)

END.
